Linked: (/home/benjamin/catkin_ws/devel/.private/summit_xl_pad/share/gennodejs/ros/summit_xl_pad/_index.js, /home/benjamin/catkin_ws/devel/share/gennodejs/ros/summit_xl_pad/_index.js)
Linked: (/home/benjamin/catkin_ws/devel/.private/summit_xl_pad/share/gennodejs/ros/summit_xl_pad/srv/_index.js, /home/benjamin/catkin_ws/devel/share/gennodejs/ros/summit_xl_pad/srv/_index.js)
Linked: (/home/benjamin/catkin_ws/devel/.private/summit_xl_pad/share/gennodejs/ros/summit_xl_pad/srv/enable_disable_pad.js, /home/benjamin/catkin_ws/devel/share/gennodejs/ros/summit_xl_pad/srv/enable_disable_pad.js)
Linked: (/home/benjamin/catkin_ws/devel/.private/summit_xl_pad/share/roseus/ros/summit_xl_pad/manifest.l, /home/benjamin/catkin_ws/devel/share/roseus/ros/summit_xl_pad/manifest.l)
Linked: (/home/benjamin/catkin_ws/devel/.private/summit_xl_pad/share/roseus/ros/summit_xl_pad/srv/enable_disable_pad.l, /home/benjamin/catkin_ws/devel/share/roseus/ros/summit_xl_pad/srv/enable_disable_pad.l)
Linked: (/home/benjamin/catkin_ws/devel/.private/summit_xl_pad/share/summit_xl_pad/cmake/summit_xl_pad-msg-paths.cmake, /home/benjamin/catkin_ws/devel/share/summit_xl_pad/cmake/summit_xl_pad-msg-paths.cmake)
Linked: (/home/benjamin/catkin_ws/devel/.private/summit_xl_pad/share/summit_xl_pad/cmake/summit_xl_padConfig-version.cmake, /home/benjamin/catkin_ws/devel/share/summit_xl_pad/cmake/summit_xl_padConfig-version.cmake)
Linked: (/home/benjamin/catkin_ws/devel/.private/summit_xl_pad/share/summit_xl_pad/cmake/summit_xl_pad-msg-extras.cmake, /home/benjamin/catkin_ws/devel/share/summit_xl_pad/cmake/summit_xl_pad-msg-extras.cmake)
Linked: (/home/benjamin/catkin_ws/devel/.private/summit_xl_pad/share/summit_xl_pad/cmake/summit_xl_padConfig.cmake, /home/benjamin/catkin_ws/devel/share/summit_xl_pad/cmake/summit_xl_padConfig.cmake)
Linked: (/home/benjamin/catkin_ws/devel/.private/summit_xl_pad/share/common-lisp/ros/summit_xl_pad/srv/_package_enable_disable_pad.lisp, /home/benjamin/catkin_ws/devel/share/common-lisp/ros/summit_xl_pad/srv/_package_enable_disable_pad.lisp)
Linked: (/home/benjamin/catkin_ws/devel/.private/summit_xl_pad/share/common-lisp/ros/summit_xl_pad/srv/summit_xl_pad-srv.asd, /home/benjamin/catkin_ws/devel/share/common-lisp/ros/summit_xl_pad/srv/summit_xl_pad-srv.asd)
Linked: (/home/benjamin/catkin_ws/devel/.private/summit_xl_pad/share/common-lisp/ros/summit_xl_pad/srv/_package.lisp, /home/benjamin/catkin_ws/devel/share/common-lisp/ros/summit_xl_pad/srv/_package.lisp)
Linked: (/home/benjamin/catkin_ws/devel/.private/summit_xl_pad/share/common-lisp/ros/summit_xl_pad/srv/enable_disable_pad.lisp, /home/benjamin/catkin_ws/devel/share/common-lisp/ros/summit_xl_pad/srv/enable_disable_pad.lisp)
Linked: (/home/benjamin/catkin_ws/devel/.private/summit_xl_pad/lib/python2.7/dist-packages/summit_xl_pad/__init__.py, /home/benjamin/catkin_ws/devel/lib/python2.7/dist-packages/summit_xl_pad/__init__.py)
Linked: (/home/benjamin/catkin_ws/devel/.private/summit_xl_pad/lib/python2.7/dist-packages/summit_xl_pad/srv/_enable_disable_pad.py, /home/benjamin/catkin_ws/devel/lib/python2.7/dist-packages/summit_xl_pad/srv/_enable_disable_pad.py)
Linked: (/home/benjamin/catkin_ws/devel/.private/summit_xl_pad/lib/python2.7/dist-packages/summit_xl_pad/srv/__init__.py, /home/benjamin/catkin_ws/devel/lib/python2.7/dist-packages/summit_xl_pad/srv/__init__.py)
Linked: (/home/benjamin/catkin_ws/devel/.private/summit_xl_pad/lib/summit_xl_pad/summit_xl_pad, /home/benjamin/catkin_ws/devel/lib/summit_xl_pad/summit_xl_pad)
Linked: (/home/benjamin/catkin_ws/devel/.private/summit_xl_pad/lib/pkgconfig/summit_xl_pad.pc, /home/benjamin/catkin_ws/devel/lib/pkgconfig/summit_xl_pad.pc)
Linked: (/home/benjamin/catkin_ws/devel/.private/summit_xl_pad/include/summit_xl_pad/enable_disable_padRequest.h, /home/benjamin/catkin_ws/devel/include/summit_xl_pad/enable_disable_padRequest.h)
Linked: (/home/benjamin/catkin_ws/devel/.private/summit_xl_pad/include/summit_xl_pad/enable_disable_pad.h, /home/benjamin/catkin_ws/devel/include/summit_xl_pad/enable_disable_pad.h)
Linked: (/home/benjamin/catkin_ws/devel/.private/summit_xl_pad/include/summit_xl_pad/enable_disable_padResponse.h, /home/benjamin/catkin_ws/devel/include/summit_xl_pad/enable_disable_padResponse.h)
