Determining if the pthread_create exist failed with the following output:
Change Dir: /home/benjamin/catkin_ws/build/j2s7s300_ikfast/CMakeFiles/CMakeTmp

Run Build Command:"/usr/bin/make" "cmTC_dbf51/fast"
/usr/bin/make -f CMakeFiles/cmTC_dbf51.dir/build.make CMakeFiles/cmTC_dbf51.dir/build
make[1]: Entering directory '/home/benjamin/catkin_ws/build/j2s7s300_ikfast/CMakeFiles/CMakeTmp'
Building C object CMakeFiles/cmTC_dbf51.dir/CheckSymbolExists.c.o
/usr/bin/cc    -o CMakeFiles/cmTC_dbf51.dir/CheckSymbolExists.c.o   -c /home/benjamin/catkin_ws/build/j2s7s300_ikfast/CMakeFiles/CMakeTmp/CheckSymbolExists.c
Linking C executable cmTC_dbf51
/usr/bin/cmake -E cmake_link_script CMakeFiles/cmTC_dbf51.dir/link.txt --verbose=1
/usr/bin/cc      -rdynamic CMakeFiles/cmTC_dbf51.dir/CheckSymbolExists.c.o  -o cmTC_dbf51 
CMakeFiles/cmTC_dbf51.dir/CheckSymbolExists.c.o: In function `main':
CheckSymbolExists.c:(.text+0x1b): undefined reference to `pthread_create'
collect2: error: ld returned 1 exit status
CMakeFiles/cmTC_dbf51.dir/build.make:97: recipe for target 'cmTC_dbf51' failed
make[1]: *** [cmTC_dbf51] Error 1
make[1]: Leaving directory '/home/benjamin/catkin_ws/build/j2s7s300_ikfast/CMakeFiles/CMakeTmp'
Makefile:126: recipe for target 'cmTC_dbf51/fast' failed
make: *** [cmTC_dbf51/fast] Error 2

File /home/benjamin/catkin_ws/build/j2s7s300_ikfast/CMakeFiles/CMakeTmp/CheckSymbolExists.c:
/* */
#include <pthread.h>

int main(int argc, char** argv)
{
  (void)argv;
#ifndef pthread_create
  return ((int*)(&pthread_create))[argc];
#else
  (void)argc;
  return 0;
#endif
}

Determining if the function pthread_create exists in the pthreads failed with the following output:
Change Dir: /home/benjamin/catkin_ws/build/j2s7s300_ikfast/CMakeFiles/CMakeTmp

Run Build Command:"/usr/bin/make" "cmTC_a1153/fast"
/usr/bin/make -f CMakeFiles/cmTC_a1153.dir/build.make CMakeFiles/cmTC_a1153.dir/build
make[1]: Entering directory '/home/benjamin/catkin_ws/build/j2s7s300_ikfast/CMakeFiles/CMakeTmp'
Building C object CMakeFiles/cmTC_a1153.dir/CheckFunctionExists.c.o
/usr/bin/cc   -DCHECK_FUNCTION_EXISTS=pthread_create   -o CMakeFiles/cmTC_a1153.dir/CheckFunctionExists.c.o   -c /usr/share/cmake-3.10/Modules/CheckFunctionExists.c
Linking C executable cmTC_a1153
/usr/bin/cmake -E cmake_link_script CMakeFiles/cmTC_a1153.dir/link.txt --verbose=1
/usr/bin/cc  -DCHECK_FUNCTION_EXISTS=pthread_create    -rdynamic CMakeFiles/cmTC_a1153.dir/CheckFunctionExists.c.o  -o cmTC_a1153 -lpthreads 
/usr/bin/ld: cannot find -lpthreads
collect2: error: ld returned 1 exit status
CMakeFiles/cmTC_a1153.dir/build.make:97: recipe for target 'cmTC_a1153' failed
make[1]: *** [cmTC_a1153] Error 1
make[1]: Leaving directory '/home/benjamin/catkin_ws/build/j2s7s300_ikfast/CMakeFiles/CMakeTmp'
Makefile:126: recipe for target 'cmTC_a1153/fast' failed
make: *** [cmTC_a1153/fast] Error 2


