Determining if the pthread_create exist failed with the following output:
Change Dir: /home/benjamin/catkin_ws/build/interbotix_xsarm_diagnostic_tool/CMakeFiles/CMakeTmp

Run Build Command:"/usr/bin/make" "cmTC_bec12/fast"
/usr/bin/make -f CMakeFiles/cmTC_bec12.dir/build.make CMakeFiles/cmTC_bec12.dir/build
make[1]: Entering directory '/home/benjamin/catkin_ws/build/interbotix_xsarm_diagnostic_tool/CMakeFiles/CMakeTmp'
Building C object CMakeFiles/cmTC_bec12.dir/CheckSymbolExists.c.o
/usr/bin/cc    -o CMakeFiles/cmTC_bec12.dir/CheckSymbolExists.c.o   -c /home/benjamin/catkin_ws/build/interbotix_xsarm_diagnostic_tool/CMakeFiles/CMakeTmp/CheckSymbolExists.c
Linking C executable cmTC_bec12
/usr/bin/cmake -E cmake_link_script CMakeFiles/cmTC_bec12.dir/link.txt --verbose=1
/usr/bin/cc      -rdynamic CMakeFiles/cmTC_bec12.dir/CheckSymbolExists.c.o  -o cmTC_bec12 
CMakeFiles/cmTC_bec12.dir/CheckSymbolExists.c.o: In function `main':
CheckSymbolExists.c:(.text+0x1b): undefined reference to `pthread_create'
collect2: error: ld returned 1 exit status
CMakeFiles/cmTC_bec12.dir/build.make:97: recipe for target 'cmTC_bec12' failed
make[1]: *** [cmTC_bec12] Error 1
make[1]: Leaving directory '/home/benjamin/catkin_ws/build/interbotix_xsarm_diagnostic_tool/CMakeFiles/CMakeTmp'
Makefile:126: recipe for target 'cmTC_bec12/fast' failed
make: *** [cmTC_bec12/fast] Error 2

File /home/benjamin/catkin_ws/build/interbotix_xsarm_diagnostic_tool/CMakeFiles/CMakeTmp/CheckSymbolExists.c:
/* */
#include <pthread.h>

int main(int argc, char** argv)
{
  (void)argv;
#ifndef pthread_create
  return ((int*)(&pthread_create))[argc];
#else
  (void)argc;
  return 0;
#endif
}

Determining if the function pthread_create exists in the pthreads failed with the following output:
Change Dir: /home/benjamin/catkin_ws/build/interbotix_xsarm_diagnostic_tool/CMakeFiles/CMakeTmp

Run Build Command:"/usr/bin/make" "cmTC_a3fb1/fast"
/usr/bin/make -f CMakeFiles/cmTC_a3fb1.dir/build.make CMakeFiles/cmTC_a3fb1.dir/build
make[1]: Entering directory '/home/benjamin/catkin_ws/build/interbotix_xsarm_diagnostic_tool/CMakeFiles/CMakeTmp'
Building C object CMakeFiles/cmTC_a3fb1.dir/CheckFunctionExists.c.o
/usr/bin/cc   -DCHECK_FUNCTION_EXISTS=pthread_create   -o CMakeFiles/cmTC_a3fb1.dir/CheckFunctionExists.c.o   -c /usr/share/cmake-3.10/Modules/CheckFunctionExists.c
Linking C executable cmTC_a3fb1
/usr/bin/cmake -E cmake_link_script CMakeFiles/cmTC_a3fb1.dir/link.txt --verbose=1
/usr/bin/cc  -DCHECK_FUNCTION_EXISTS=pthread_create    -rdynamic CMakeFiles/cmTC_a3fb1.dir/CheckFunctionExists.c.o  -o cmTC_a3fb1 -lpthreads 
/usr/bin/ld: cannot find -lpthreads
collect2: error: ld returned 1 exit status
CMakeFiles/cmTC_a3fb1.dir/build.make:97: recipe for target 'cmTC_a3fb1' failed
make[1]: *** [cmTC_a3fb1] Error 1
make[1]: Leaving directory '/home/benjamin/catkin_ws/build/interbotix_xsarm_diagnostic_tool/CMakeFiles/CMakeTmp'
Makefile:126: recipe for target 'cmTC_a3fb1/fast' failed
make: *** [cmTC_a3fb1/fast] Error 2


