Determining if the pthread_create exist failed with the following output:
Change Dir: /home/benjamin/catkin_ws/build/summit_xl_vx300s_moveit_config/CMakeFiles/CMakeTmp

Run Build Command:"/usr/bin/make" "cmTC_18202/fast"
/usr/bin/make -f CMakeFiles/cmTC_18202.dir/build.make CMakeFiles/cmTC_18202.dir/build
make[1]: Entering directory '/home/benjamin/catkin_ws/build/summit_xl_vx300s_moveit_config/CMakeFiles/CMakeTmp'
Building C object CMakeFiles/cmTC_18202.dir/CheckSymbolExists.c.o
/usr/bin/cc    -o CMakeFiles/cmTC_18202.dir/CheckSymbolExists.c.o   -c /home/benjamin/catkin_ws/build/summit_xl_vx300s_moveit_config/CMakeFiles/CMakeTmp/CheckSymbolExists.c
Linking C executable cmTC_18202
/usr/bin/cmake -E cmake_link_script CMakeFiles/cmTC_18202.dir/link.txt --verbose=1
/usr/bin/cc      -rdynamic CMakeFiles/cmTC_18202.dir/CheckSymbolExists.c.o  -o cmTC_18202 
CMakeFiles/cmTC_18202.dir/CheckSymbolExists.c.o: In function `main':
CheckSymbolExists.c:(.text+0x1b): undefined reference to `pthread_create'
collect2: error: ld returned 1 exit status
CMakeFiles/cmTC_18202.dir/build.make:97: recipe for target 'cmTC_18202' failed
make[1]: *** [cmTC_18202] Error 1
make[1]: Leaving directory '/home/benjamin/catkin_ws/build/summit_xl_vx300s_moveit_config/CMakeFiles/CMakeTmp'
Makefile:126: recipe for target 'cmTC_18202/fast' failed
make: *** [cmTC_18202/fast] Error 2

File /home/benjamin/catkin_ws/build/summit_xl_vx300s_moveit_config/CMakeFiles/CMakeTmp/CheckSymbolExists.c:
/* */
#include <pthread.h>

int main(int argc, char** argv)
{
  (void)argv;
#ifndef pthread_create
  return ((int*)(&pthread_create))[argc];
#else
  (void)argc;
  return 0;
#endif
}

Determining if the function pthread_create exists in the pthreads failed with the following output:
Change Dir: /home/benjamin/catkin_ws/build/summit_xl_vx300s_moveit_config/CMakeFiles/CMakeTmp

Run Build Command:"/usr/bin/make" "cmTC_61b73/fast"
/usr/bin/make -f CMakeFiles/cmTC_61b73.dir/build.make CMakeFiles/cmTC_61b73.dir/build
make[1]: Entering directory '/home/benjamin/catkin_ws/build/summit_xl_vx300s_moveit_config/CMakeFiles/CMakeTmp'
Building C object CMakeFiles/cmTC_61b73.dir/CheckFunctionExists.c.o
/usr/bin/cc   -DCHECK_FUNCTION_EXISTS=pthread_create   -o CMakeFiles/cmTC_61b73.dir/CheckFunctionExists.c.o   -c /usr/share/cmake-3.10/Modules/CheckFunctionExists.c
Linking C executable cmTC_61b73
/usr/bin/cmake -E cmake_link_script CMakeFiles/cmTC_61b73.dir/link.txt --verbose=1
/usr/bin/cc  -DCHECK_FUNCTION_EXISTS=pthread_create    -rdynamic CMakeFiles/cmTC_61b73.dir/CheckFunctionExists.c.o  -o cmTC_61b73 -lpthreads 
/usr/bin/ld: cannot find -lpthreads
collect2: error: ld returned 1 exit status
CMakeFiles/cmTC_61b73.dir/build.make:97: recipe for target 'cmTC_61b73' failed
make[1]: *** [cmTC_61b73] Error 1
make[1]: Leaving directory '/home/benjamin/catkin_ws/build/summit_xl_vx300s_moveit_config/CMakeFiles/CMakeTmp'
Makefile:126: recipe for target 'cmTC_61b73/fast' failed
make: *** [cmTC_61b73/fast] Error 2


