Determining if the pthread_create exist failed with the following output:
Change Dir: /home/benjamin/catkin_ws/build/robotnik_msgs/CMakeFiles/CMakeTmp

Run Build Command:"/usr/bin/make" "cmTC_9ea72/fast"
/usr/bin/make -f CMakeFiles/cmTC_9ea72.dir/build.make CMakeFiles/cmTC_9ea72.dir/build
make[1]: Entering directory '/home/benjamin/catkin_ws/build/robotnik_msgs/CMakeFiles/CMakeTmp'
Building C object CMakeFiles/cmTC_9ea72.dir/CheckSymbolExists.c.o
/usr/bin/cc    -o CMakeFiles/cmTC_9ea72.dir/CheckSymbolExists.c.o   -c /home/benjamin/catkin_ws/build/robotnik_msgs/CMakeFiles/CMakeTmp/CheckSymbolExists.c
Linking C executable cmTC_9ea72
/usr/bin/cmake -E cmake_link_script CMakeFiles/cmTC_9ea72.dir/link.txt --verbose=1
/usr/bin/cc      -rdynamic CMakeFiles/cmTC_9ea72.dir/CheckSymbolExists.c.o  -o cmTC_9ea72 
CMakeFiles/cmTC_9ea72.dir/CheckSymbolExists.c.o: In function `main':
CheckSymbolExists.c:(.text+0x1b): undefined reference to `pthread_create'
collect2: error: ld returned 1 exit status
CMakeFiles/cmTC_9ea72.dir/build.make:97: recipe for target 'cmTC_9ea72' failed
make[1]: *** [cmTC_9ea72] Error 1
make[1]: Leaving directory '/home/benjamin/catkin_ws/build/robotnik_msgs/CMakeFiles/CMakeTmp'
Makefile:126: recipe for target 'cmTC_9ea72/fast' failed
make: *** [cmTC_9ea72/fast] Error 2

File /home/benjamin/catkin_ws/build/robotnik_msgs/CMakeFiles/CMakeTmp/CheckSymbolExists.c:
/* */
#include <pthread.h>

int main(int argc, char** argv)
{
  (void)argv;
#ifndef pthread_create
  return ((int*)(&pthread_create))[argc];
#else
  (void)argc;
  return 0;
#endif
}

Determining if the function pthread_create exists in the pthreads failed with the following output:
Change Dir: /home/benjamin/catkin_ws/build/robotnik_msgs/CMakeFiles/CMakeTmp

Run Build Command:"/usr/bin/make" "cmTC_714b9/fast"
/usr/bin/make -f CMakeFiles/cmTC_714b9.dir/build.make CMakeFiles/cmTC_714b9.dir/build
make[1]: Entering directory '/home/benjamin/catkin_ws/build/robotnik_msgs/CMakeFiles/CMakeTmp'
Building C object CMakeFiles/cmTC_714b9.dir/CheckFunctionExists.c.o
/usr/bin/cc   -DCHECK_FUNCTION_EXISTS=pthread_create   -o CMakeFiles/cmTC_714b9.dir/CheckFunctionExists.c.o   -c /usr/share/cmake-3.10/Modules/CheckFunctionExists.c
Linking C executable cmTC_714b9
/usr/bin/cmake -E cmake_link_script CMakeFiles/cmTC_714b9.dir/link.txt --verbose=1
/usr/bin/cc  -DCHECK_FUNCTION_EXISTS=pthread_create    -rdynamic CMakeFiles/cmTC_714b9.dir/CheckFunctionExists.c.o  -o cmTC_714b9 -lpthreads 
/usr/bin/ld: cannot find -lpthreads
collect2: error: ld returned 1 exit status
CMakeFiles/cmTC_714b9.dir/build.make:97: recipe for target 'cmTC_714b9' failed
make[1]: *** [cmTC_714b9] Error 1
make[1]: Leaving directory '/home/benjamin/catkin_ws/build/robotnik_msgs/CMakeFiles/CMakeTmp'
Makefile:126: recipe for target 'cmTC_714b9/fast' failed
make: *** [cmTC_714b9/fast] Error 2


