[  0%] Built target _robotnik_elevator_interface_msgs_generate_messages_check_deps_SetElevatorControl
[  0%] Built target std_msgs_generate_messages_nodejs
[  0%] Built target _robotnik_elevator_interface_msgs_generate_messages_check_deps_ElevatorState
[  0%] Built target _robotnik_elevator_interface_msgs_generate_messages_check_deps_GoToFloor
[  0%] Built target actionlib_msgs_generate_messages_nodejs
[  0%] Built target _robotnik_elevator_interface_msgs_generate_messages_check_deps_SetDoorState
[  0%] Built target std_msgs_generate_messages_lisp
[  0%] Built target actionlib_msgs_generate_messages_lisp
[  0%] Built target actionlib_msgs_generate_messages_py
[  0%] Built target std_msgs_generate_messages_py
[  0%] Built target std_msgs_generate_messages_cpp
[  0%] Built target actionlib_msgs_generate_messages_cpp
[  0%] Built target std_msgs_generate_messages_eus
[  0%] Built target actionlib_msgs_generate_messages_eus
[ 17%] Built target robotnik_elevator_interface_msgs_generate_messages_nodejs
[ 34%] Built target robotnik_elevator_interface_msgs_generate_messages_lisp
[ 60%] Built target robotnik_elevator_interface_msgs_generate_messages_py
[ 78%] Built target robotnik_elevator_interface_msgs_generate_messages_cpp
[100%] Built target robotnik_elevator_interface_msgs_generate_messages_eus
[100%] Built target robotnik_elevator_interface_msgs_generate_messages
