Linked: (/home/benjamin/catkin_ws/devel/.private/robotnik_elevator_interface_msgs/share/gennodejs/ros/robotnik_elevator_interface_msgs/_index.js, /home/benjamin/catkin_ws/devel/share/gennodejs/ros/robotnik_elevator_interface_msgs/_index.js)
Linked: (/home/benjamin/catkin_ws/devel/.private/robotnik_elevator_interface_msgs/share/gennodejs/ros/robotnik_elevator_interface_msgs/srv/_index.js, /home/benjamin/catkin_ws/devel/share/gennodejs/ros/robotnik_elevator_interface_msgs/srv/_index.js)
Linked: (/home/benjamin/catkin_ws/devel/.private/robotnik_elevator_interface_msgs/share/gennodejs/ros/robotnik_elevator_interface_msgs/srv/SetElevatorControl.js, /home/benjamin/catkin_ws/devel/share/gennodejs/ros/robotnik_elevator_interface_msgs/srv/SetElevatorControl.js)
Linked: (/home/benjamin/catkin_ws/devel/.private/robotnik_elevator_interface_msgs/share/gennodejs/ros/robotnik_elevator_interface_msgs/srv/SetDoorState.js, /home/benjamin/catkin_ws/devel/share/gennodejs/ros/robotnik_elevator_interface_msgs/srv/SetDoorState.js)
Linked: (/home/benjamin/catkin_ws/devel/.private/robotnik_elevator_interface_msgs/share/gennodejs/ros/robotnik_elevator_interface_msgs/srv/GoToFloor.js, /home/benjamin/catkin_ws/devel/share/gennodejs/ros/robotnik_elevator_interface_msgs/srv/GoToFloor.js)
Linked: (/home/benjamin/catkin_ws/devel/.private/robotnik_elevator_interface_msgs/share/gennodejs/ros/robotnik_elevator_interface_msgs/msg/_index.js, /home/benjamin/catkin_ws/devel/share/gennodejs/ros/robotnik_elevator_interface_msgs/msg/_index.js)
Linked: (/home/benjamin/catkin_ws/devel/.private/robotnik_elevator_interface_msgs/share/gennodejs/ros/robotnik_elevator_interface_msgs/msg/ElevatorState.js, /home/benjamin/catkin_ws/devel/share/gennodejs/ros/robotnik_elevator_interface_msgs/msg/ElevatorState.js)
Linked: (/home/benjamin/catkin_ws/devel/.private/robotnik_elevator_interface_msgs/share/roseus/ros/robotnik_elevator_interface_msgs/manifest.l, /home/benjamin/catkin_ws/devel/share/roseus/ros/robotnik_elevator_interface_msgs/manifest.l)
Linked: (/home/benjamin/catkin_ws/devel/.private/robotnik_elevator_interface_msgs/share/roseus/ros/robotnik_elevator_interface_msgs/srv/SetDoorState.l, /home/benjamin/catkin_ws/devel/share/roseus/ros/robotnik_elevator_interface_msgs/srv/SetDoorState.l)
Linked: (/home/benjamin/catkin_ws/devel/.private/robotnik_elevator_interface_msgs/share/roseus/ros/robotnik_elevator_interface_msgs/srv/SetElevatorControl.l, /home/benjamin/catkin_ws/devel/share/roseus/ros/robotnik_elevator_interface_msgs/srv/SetElevatorControl.l)
Linked: (/home/benjamin/catkin_ws/devel/.private/robotnik_elevator_interface_msgs/share/roseus/ros/robotnik_elevator_interface_msgs/srv/GoToFloor.l, /home/benjamin/catkin_ws/devel/share/roseus/ros/robotnik_elevator_interface_msgs/srv/GoToFloor.l)
Linked: (/home/benjamin/catkin_ws/devel/.private/robotnik_elevator_interface_msgs/share/roseus/ros/robotnik_elevator_interface_msgs/msg/ElevatorState.l, /home/benjamin/catkin_ws/devel/share/roseus/ros/robotnik_elevator_interface_msgs/msg/ElevatorState.l)
Linked: (/home/benjamin/catkin_ws/devel/.private/robotnik_elevator_interface_msgs/share/common-lisp/ros/robotnik_elevator_interface_msgs/srv/GoToFloor.lisp, /home/benjamin/catkin_ws/devel/share/common-lisp/ros/robotnik_elevator_interface_msgs/srv/GoToFloor.lisp)
Linked: (/home/benjamin/catkin_ws/devel/.private/robotnik_elevator_interface_msgs/share/common-lisp/ros/robotnik_elevator_interface_msgs/srv/SetElevatorControl.lisp, /home/benjamin/catkin_ws/devel/share/common-lisp/ros/robotnik_elevator_interface_msgs/srv/SetElevatorControl.lisp)
Linked: (/home/benjamin/catkin_ws/devel/.private/robotnik_elevator_interface_msgs/share/common-lisp/ros/robotnik_elevator_interface_msgs/srv/robotnik_elevator_interface_msgs-srv.asd, /home/benjamin/catkin_ws/devel/share/common-lisp/ros/robotnik_elevator_interface_msgs/srv/robotnik_elevator_interface_msgs-srv.asd)
Linked: (/home/benjamin/catkin_ws/devel/.private/robotnik_elevator_interface_msgs/share/common-lisp/ros/robotnik_elevator_interface_msgs/srv/_package.lisp, /home/benjamin/catkin_ws/devel/share/common-lisp/ros/robotnik_elevator_interface_msgs/srv/_package.lisp)
Linked: (/home/benjamin/catkin_ws/devel/.private/robotnik_elevator_interface_msgs/share/common-lisp/ros/robotnik_elevator_interface_msgs/srv/_package_SetDoorState.lisp, /home/benjamin/catkin_ws/devel/share/common-lisp/ros/robotnik_elevator_interface_msgs/srv/_package_SetDoorState.lisp)
Linked: (/home/benjamin/catkin_ws/devel/.private/robotnik_elevator_interface_msgs/share/common-lisp/ros/robotnik_elevator_interface_msgs/srv/_package_SetElevatorControl.lisp, /home/benjamin/catkin_ws/devel/share/common-lisp/ros/robotnik_elevator_interface_msgs/srv/_package_SetElevatorControl.lisp)
Linked: (/home/benjamin/catkin_ws/devel/.private/robotnik_elevator_interface_msgs/share/common-lisp/ros/robotnik_elevator_interface_msgs/srv/_package_GoToFloor.lisp, /home/benjamin/catkin_ws/devel/share/common-lisp/ros/robotnik_elevator_interface_msgs/srv/_package_GoToFloor.lisp)
Linked: (/home/benjamin/catkin_ws/devel/.private/robotnik_elevator_interface_msgs/share/common-lisp/ros/robotnik_elevator_interface_msgs/srv/SetDoorState.lisp, /home/benjamin/catkin_ws/devel/share/common-lisp/ros/robotnik_elevator_interface_msgs/srv/SetDoorState.lisp)
Linked: (/home/benjamin/catkin_ws/devel/.private/robotnik_elevator_interface_msgs/share/common-lisp/ros/robotnik_elevator_interface_msgs/msg/_package_ElevatorState.lisp, /home/benjamin/catkin_ws/devel/share/common-lisp/ros/robotnik_elevator_interface_msgs/msg/_package_ElevatorState.lisp)
Linked: (/home/benjamin/catkin_ws/devel/.private/robotnik_elevator_interface_msgs/share/common-lisp/ros/robotnik_elevator_interface_msgs/msg/robotnik_elevator_interface_msgs-msg.asd, /home/benjamin/catkin_ws/devel/share/common-lisp/ros/robotnik_elevator_interface_msgs/msg/robotnik_elevator_interface_msgs-msg.asd)
Linked: (/home/benjamin/catkin_ws/devel/.private/robotnik_elevator_interface_msgs/share/common-lisp/ros/robotnik_elevator_interface_msgs/msg/ElevatorState.lisp, /home/benjamin/catkin_ws/devel/share/common-lisp/ros/robotnik_elevator_interface_msgs/msg/ElevatorState.lisp)
Linked: (/home/benjamin/catkin_ws/devel/.private/robotnik_elevator_interface_msgs/share/common-lisp/ros/robotnik_elevator_interface_msgs/msg/_package.lisp, /home/benjamin/catkin_ws/devel/share/common-lisp/ros/robotnik_elevator_interface_msgs/msg/_package.lisp)
Linked: (/home/benjamin/catkin_ws/devel/.private/robotnik_elevator_interface_msgs/share/robotnik_elevator_interface_msgs/cmake/robotnik_elevator_interface_msgsConfig-version.cmake, /home/benjamin/catkin_ws/devel/share/robotnik_elevator_interface_msgs/cmake/robotnik_elevator_interface_msgsConfig-version.cmake)
Linked: (/home/benjamin/catkin_ws/devel/.private/robotnik_elevator_interface_msgs/share/robotnik_elevator_interface_msgs/cmake/robotnik_elevator_interface_msgsConfig.cmake, /home/benjamin/catkin_ws/devel/share/robotnik_elevator_interface_msgs/cmake/robotnik_elevator_interface_msgsConfig.cmake)
Linked: (/home/benjamin/catkin_ws/devel/.private/robotnik_elevator_interface_msgs/share/robotnik_elevator_interface_msgs/cmake/robotnik_elevator_interface_msgs-msg-paths.cmake, /home/benjamin/catkin_ws/devel/share/robotnik_elevator_interface_msgs/cmake/robotnik_elevator_interface_msgs-msg-paths.cmake)
Linked: (/home/benjamin/catkin_ws/devel/.private/robotnik_elevator_interface_msgs/share/robotnik_elevator_interface_msgs/cmake/robotnik_elevator_interface_msgs-msg-extras.cmake, /home/benjamin/catkin_ws/devel/share/robotnik_elevator_interface_msgs/cmake/robotnik_elevator_interface_msgs-msg-extras.cmake)
Linked: (/home/benjamin/catkin_ws/devel/.private/robotnik_elevator_interface_msgs/lib/python2.7/dist-packages/robotnik_elevator_interface_msgs/__init__.py, /home/benjamin/catkin_ws/devel/lib/python2.7/dist-packages/robotnik_elevator_interface_msgs/__init__.py)
Linked: (/home/benjamin/catkin_ws/devel/.private/robotnik_elevator_interface_msgs/lib/python2.7/dist-packages/robotnik_elevator_interface_msgs/srv/_GoToFloor.py, /home/benjamin/catkin_ws/devel/lib/python2.7/dist-packages/robotnik_elevator_interface_msgs/srv/_GoToFloor.py)
Linked: (/home/benjamin/catkin_ws/devel/.private/robotnik_elevator_interface_msgs/lib/python2.7/dist-packages/robotnik_elevator_interface_msgs/srv/_SetElevatorControl.py, /home/benjamin/catkin_ws/devel/lib/python2.7/dist-packages/robotnik_elevator_interface_msgs/srv/_SetElevatorControl.py)
Linked: (/home/benjamin/catkin_ws/devel/.private/robotnik_elevator_interface_msgs/lib/python2.7/dist-packages/robotnik_elevator_interface_msgs/srv/__init__.py, /home/benjamin/catkin_ws/devel/lib/python2.7/dist-packages/robotnik_elevator_interface_msgs/srv/__init__.py)
Linked: (/home/benjamin/catkin_ws/devel/.private/robotnik_elevator_interface_msgs/lib/python2.7/dist-packages/robotnik_elevator_interface_msgs/srv/_SetDoorState.py, /home/benjamin/catkin_ws/devel/lib/python2.7/dist-packages/robotnik_elevator_interface_msgs/srv/_SetDoorState.py)
Linked: (/home/benjamin/catkin_ws/devel/.private/robotnik_elevator_interface_msgs/lib/python2.7/dist-packages/robotnik_elevator_interface_msgs/msg/__init__.py, /home/benjamin/catkin_ws/devel/lib/python2.7/dist-packages/robotnik_elevator_interface_msgs/msg/__init__.py)
Linked: (/home/benjamin/catkin_ws/devel/.private/robotnik_elevator_interface_msgs/lib/python2.7/dist-packages/robotnik_elevator_interface_msgs/msg/_ElevatorState.py, /home/benjamin/catkin_ws/devel/lib/python2.7/dist-packages/robotnik_elevator_interface_msgs/msg/_ElevatorState.py)
Linked: (/home/benjamin/catkin_ws/devel/.private/robotnik_elevator_interface_msgs/lib/pkgconfig/robotnik_elevator_interface_msgs.pc, /home/benjamin/catkin_ws/devel/lib/pkgconfig/robotnik_elevator_interface_msgs.pc)
Linked: (/home/benjamin/catkin_ws/devel/.private/robotnik_elevator_interface_msgs/include/robotnik_elevator_interface_msgs/SetElevatorControlRequest.h, /home/benjamin/catkin_ws/devel/include/robotnik_elevator_interface_msgs/SetElevatorControlRequest.h)
Linked: (/home/benjamin/catkin_ws/devel/.private/robotnik_elevator_interface_msgs/include/robotnik_elevator_interface_msgs/GoToFloorResponse.h, /home/benjamin/catkin_ws/devel/include/robotnik_elevator_interface_msgs/GoToFloorResponse.h)
Linked: (/home/benjamin/catkin_ws/devel/.private/robotnik_elevator_interface_msgs/include/robotnik_elevator_interface_msgs/SetElevatorControl.h, /home/benjamin/catkin_ws/devel/include/robotnik_elevator_interface_msgs/SetElevatorControl.h)
Linked: (/home/benjamin/catkin_ws/devel/.private/robotnik_elevator_interface_msgs/include/robotnik_elevator_interface_msgs/GoToFloorRequest.h, /home/benjamin/catkin_ws/devel/include/robotnik_elevator_interface_msgs/GoToFloorRequest.h)
Linked: (/home/benjamin/catkin_ws/devel/.private/robotnik_elevator_interface_msgs/include/robotnik_elevator_interface_msgs/ElevatorState.h, /home/benjamin/catkin_ws/devel/include/robotnik_elevator_interface_msgs/ElevatorState.h)
Linked: (/home/benjamin/catkin_ws/devel/.private/robotnik_elevator_interface_msgs/include/robotnik_elevator_interface_msgs/SetDoorState.h, /home/benjamin/catkin_ws/devel/include/robotnik_elevator_interface_msgs/SetDoorState.h)
Linked: (/home/benjamin/catkin_ws/devel/.private/robotnik_elevator_interface_msgs/include/robotnik_elevator_interface_msgs/SetDoorStateResponse.h, /home/benjamin/catkin_ws/devel/include/robotnik_elevator_interface_msgs/SetDoorStateResponse.h)
Linked: (/home/benjamin/catkin_ws/devel/.private/robotnik_elevator_interface_msgs/include/robotnik_elevator_interface_msgs/SetDoorStateRequest.h, /home/benjamin/catkin_ws/devel/include/robotnik_elevator_interface_msgs/SetDoorStateRequest.h)
Linked: (/home/benjamin/catkin_ws/devel/.private/robotnik_elevator_interface_msgs/include/robotnik_elevator_interface_msgs/SetElevatorControlResponse.h, /home/benjamin/catkin_ws/devel/include/robotnik_elevator_interface_msgs/SetElevatorControlResponse.h)
Linked: (/home/benjamin/catkin_ws/devel/.private/robotnik_elevator_interface_msgs/include/robotnik_elevator_interface_msgs/GoToFloor.h, /home/benjamin/catkin_ws/devel/include/robotnik_elevator_interface_msgs/GoToFloor.h)
