Determining if the pthread_create exist failed with the following output:
Change Dir: /home/benjamin/catkin_ws/build/robotnik_elevator_interface_msgs/CMakeFiles/CMakeTmp

Run Build Command:"/usr/bin/make" "cmTC_178ad/fast"
/usr/bin/make -f CMakeFiles/cmTC_178ad.dir/build.make CMakeFiles/cmTC_178ad.dir/build
make[1]: Entering directory '/home/benjamin/catkin_ws/build/robotnik_elevator_interface_msgs/CMakeFiles/CMakeTmp'
Building C object CMakeFiles/cmTC_178ad.dir/CheckSymbolExists.c.o
/usr/bin/cc    -o CMakeFiles/cmTC_178ad.dir/CheckSymbolExists.c.o   -c /home/benjamin/catkin_ws/build/robotnik_elevator_interface_msgs/CMakeFiles/CMakeTmp/CheckSymbolExists.c
Linking C executable cmTC_178ad
/usr/bin/cmake -E cmake_link_script CMakeFiles/cmTC_178ad.dir/link.txt --verbose=1
/usr/bin/cc      -rdynamic CMakeFiles/cmTC_178ad.dir/CheckSymbolExists.c.o  -o cmTC_178ad 
CMakeFiles/cmTC_178ad.dir/CheckSymbolExists.c.o: In function `main':
CheckSymbolExists.c:(.text+0x1b): undefined reference to `pthread_create'
collect2: error: ld returned 1 exit status
CMakeFiles/cmTC_178ad.dir/build.make:97: recipe for target 'cmTC_178ad' failed
make[1]: *** [cmTC_178ad] Error 1
make[1]: Leaving directory '/home/benjamin/catkin_ws/build/robotnik_elevator_interface_msgs/CMakeFiles/CMakeTmp'
Makefile:126: recipe for target 'cmTC_178ad/fast' failed
make: *** [cmTC_178ad/fast] Error 2

File /home/benjamin/catkin_ws/build/robotnik_elevator_interface_msgs/CMakeFiles/CMakeTmp/CheckSymbolExists.c:
/* */
#include <pthread.h>

int main(int argc, char** argv)
{
  (void)argv;
#ifndef pthread_create
  return ((int*)(&pthread_create))[argc];
#else
  (void)argc;
  return 0;
#endif
}

Determining if the function pthread_create exists in the pthreads failed with the following output:
Change Dir: /home/benjamin/catkin_ws/build/robotnik_elevator_interface_msgs/CMakeFiles/CMakeTmp

Run Build Command:"/usr/bin/make" "cmTC_3cd72/fast"
/usr/bin/make -f CMakeFiles/cmTC_3cd72.dir/build.make CMakeFiles/cmTC_3cd72.dir/build
make[1]: Entering directory '/home/benjamin/catkin_ws/build/robotnik_elevator_interface_msgs/CMakeFiles/CMakeTmp'
Building C object CMakeFiles/cmTC_3cd72.dir/CheckFunctionExists.c.o
/usr/bin/cc   -DCHECK_FUNCTION_EXISTS=pthread_create   -o CMakeFiles/cmTC_3cd72.dir/CheckFunctionExists.c.o   -c /usr/share/cmake-3.10/Modules/CheckFunctionExists.c
Linking C executable cmTC_3cd72
/usr/bin/cmake -E cmake_link_script CMakeFiles/cmTC_3cd72.dir/link.txt --verbose=1
/usr/bin/cc  -DCHECK_FUNCTION_EXISTS=pthread_create    -rdynamic CMakeFiles/cmTC_3cd72.dir/CheckFunctionExists.c.o  -o cmTC_3cd72 -lpthreads 
/usr/bin/ld: cannot find -lpthreads
collect2: error: ld returned 1 exit status
CMakeFiles/cmTC_3cd72.dir/build.make:97: recipe for target 'cmTC_3cd72' failed
make[1]: *** [cmTC_3cd72] Error 1
make[1]: Leaving directory '/home/benjamin/catkin_ws/build/robotnik_elevator_interface_msgs/CMakeFiles/CMakeTmp'
Makefile:126: recipe for target 'cmTC_3cd72/fast' failed
make: *** [cmTC_3cd72/fast] Error 2


