Determining if the pthread_create exist failed with the following output:
Change Dir: /home/benjamin/catkin_ws/build/robotnik_gazebo_plugins/CMakeFiles/CMakeTmp

Run Build Command:"/usr/bin/make" "cmTC_dee8a/fast"
/usr/bin/make -f CMakeFiles/cmTC_dee8a.dir/build.make CMakeFiles/cmTC_dee8a.dir/build
make[1]: Entering directory '/home/benjamin/catkin_ws/build/robotnik_gazebo_plugins/CMakeFiles/CMakeTmp'
Building C object CMakeFiles/cmTC_dee8a.dir/CheckSymbolExists.c.o
/usr/bin/cc    -o CMakeFiles/cmTC_dee8a.dir/CheckSymbolExists.c.o   -c /home/benjamin/catkin_ws/build/robotnik_gazebo_plugins/CMakeFiles/CMakeTmp/CheckSymbolExists.c
Linking C executable cmTC_dee8a
/usr/bin/cmake -E cmake_link_script CMakeFiles/cmTC_dee8a.dir/link.txt --verbose=1
/usr/bin/cc      -rdynamic CMakeFiles/cmTC_dee8a.dir/CheckSymbolExists.c.o  -o cmTC_dee8a 
CMakeFiles/cmTC_dee8a.dir/CheckSymbolExists.c.o: In function `main':
CheckSymbolExists.c:(.text+0x1b): undefined reference to `pthread_create'
collect2: error: ld returned 1 exit status
CMakeFiles/cmTC_dee8a.dir/build.make:97: recipe for target 'cmTC_dee8a' failed
make[1]: *** [cmTC_dee8a] Error 1
make[1]: Leaving directory '/home/benjamin/catkin_ws/build/robotnik_gazebo_plugins/CMakeFiles/CMakeTmp'
Makefile:126: recipe for target 'cmTC_dee8a/fast' failed
make: *** [cmTC_dee8a/fast] Error 2

File /home/benjamin/catkin_ws/build/robotnik_gazebo_plugins/CMakeFiles/CMakeTmp/CheckSymbolExists.c:
/* */
#include <pthread.h>

int main(int argc, char** argv)
{
  (void)argv;
#ifndef pthread_create
  return ((int*)(&pthread_create))[argc];
#else
  (void)argc;
  return 0;
#endif
}

Determining if the function pthread_create exists in the pthreads failed with the following output:
Change Dir: /home/benjamin/catkin_ws/build/robotnik_gazebo_plugins/CMakeFiles/CMakeTmp

Run Build Command:"/usr/bin/make" "cmTC_d9aca/fast"
/usr/bin/make -f CMakeFiles/cmTC_d9aca.dir/build.make CMakeFiles/cmTC_d9aca.dir/build
make[1]: Entering directory '/home/benjamin/catkin_ws/build/robotnik_gazebo_plugins/CMakeFiles/CMakeTmp'
Building C object CMakeFiles/cmTC_d9aca.dir/CheckFunctionExists.c.o
/usr/bin/cc   -DCHECK_FUNCTION_EXISTS=pthread_create   -o CMakeFiles/cmTC_d9aca.dir/CheckFunctionExists.c.o   -c /usr/share/cmake-3.10/Modules/CheckFunctionExists.c
Linking C executable cmTC_d9aca
/usr/bin/cmake -E cmake_link_script CMakeFiles/cmTC_d9aca.dir/link.txt --verbose=1
/usr/bin/cc  -DCHECK_FUNCTION_EXISTS=pthread_create    -rdynamic CMakeFiles/cmTC_d9aca.dir/CheckFunctionExists.c.o  -o cmTC_d9aca -lpthreads 
/usr/bin/ld: cannot find -lpthreads
collect2: error: ld returned 1 exit status
CMakeFiles/cmTC_d9aca.dir/build.make:97: recipe for target 'cmTC_d9aca' failed
make[1]: *** [cmTC_d9aca] Error 1
make[1]: Leaving directory '/home/benjamin/catkin_ws/build/robotnik_gazebo_plugins/CMakeFiles/CMakeTmp'
Makefile:126: recipe for target 'cmTC_d9aca/fast' failed
make: *** [cmTC_d9aca/fast] Error 2


