Determining if the pthread_create exist failed with the following output:
Change Dir: /home/benjamin/catkin_ws/build/interbotix_xsarm_pid/CMakeFiles/CMakeTmp

Run Build Command:"/usr/bin/make" "cmTC_5fad0/fast"
/usr/bin/make -f CMakeFiles/cmTC_5fad0.dir/build.make CMakeFiles/cmTC_5fad0.dir/build
make[1]: Entering directory '/home/benjamin/catkin_ws/build/interbotix_xsarm_pid/CMakeFiles/CMakeTmp'
Building C object CMakeFiles/cmTC_5fad0.dir/CheckSymbolExists.c.o
/usr/bin/cc    -o CMakeFiles/cmTC_5fad0.dir/CheckSymbolExists.c.o   -c /home/benjamin/catkin_ws/build/interbotix_xsarm_pid/CMakeFiles/CMakeTmp/CheckSymbolExists.c
Linking C executable cmTC_5fad0
/usr/bin/cmake -E cmake_link_script CMakeFiles/cmTC_5fad0.dir/link.txt --verbose=1
/usr/bin/cc      -rdynamic CMakeFiles/cmTC_5fad0.dir/CheckSymbolExists.c.o  -o cmTC_5fad0 
CMakeFiles/cmTC_5fad0.dir/CheckSymbolExists.c.o: In function `main':
CheckSymbolExists.c:(.text+0x1b): undefined reference to `pthread_create'
collect2: error: ld returned 1 exit status
CMakeFiles/cmTC_5fad0.dir/build.make:97: recipe for target 'cmTC_5fad0' failed
make[1]: *** [cmTC_5fad0] Error 1
make[1]: Leaving directory '/home/benjamin/catkin_ws/build/interbotix_xsarm_pid/CMakeFiles/CMakeTmp'
Makefile:126: recipe for target 'cmTC_5fad0/fast' failed
make: *** [cmTC_5fad0/fast] Error 2

File /home/benjamin/catkin_ws/build/interbotix_xsarm_pid/CMakeFiles/CMakeTmp/CheckSymbolExists.c:
/* */
#include <pthread.h>

int main(int argc, char** argv)
{
  (void)argv;
#ifndef pthread_create
  return ((int*)(&pthread_create))[argc];
#else
  (void)argc;
  return 0;
#endif
}

Determining if the function pthread_create exists in the pthreads failed with the following output:
Change Dir: /home/benjamin/catkin_ws/build/interbotix_xsarm_pid/CMakeFiles/CMakeTmp

Run Build Command:"/usr/bin/make" "cmTC_68cee/fast"
/usr/bin/make -f CMakeFiles/cmTC_68cee.dir/build.make CMakeFiles/cmTC_68cee.dir/build
make[1]: Entering directory '/home/benjamin/catkin_ws/build/interbotix_xsarm_pid/CMakeFiles/CMakeTmp'
Building C object CMakeFiles/cmTC_68cee.dir/CheckFunctionExists.c.o
/usr/bin/cc   -DCHECK_FUNCTION_EXISTS=pthread_create   -o CMakeFiles/cmTC_68cee.dir/CheckFunctionExists.c.o   -c /usr/share/cmake-3.10/Modules/CheckFunctionExists.c
Linking C executable cmTC_68cee
/usr/bin/cmake -E cmake_link_script CMakeFiles/cmTC_68cee.dir/link.txt --verbose=1
/usr/bin/cc  -DCHECK_FUNCTION_EXISTS=pthread_create    -rdynamic CMakeFiles/cmTC_68cee.dir/CheckFunctionExists.c.o  -o cmTC_68cee -lpthreads 
/usr/bin/ld: cannot find -lpthreads
collect2: error: ld returned 1 exit status
CMakeFiles/cmTC_68cee.dir/build.make:97: recipe for target 'cmTC_68cee' failed
make[1]: *** [cmTC_68cee] Error 1
make[1]: Leaving directory '/home/benjamin/catkin_ws/build/interbotix_xsarm_pid/CMakeFiles/CMakeTmp'
Makefile:126: recipe for target 'cmTC_68cee/fast' failed
make: *** [cmTC_68cee/fast] Error 2


