[  0%] Built target std_msgs_generate_messages_eus
[  0%] Built target _interbotix_xs_sdk_generate_messages_check_deps_JointTrajectoryCommand
[  0%] Built target std_msgs_generate_messages_py
[  0%] Built target _interbotix_xs_sdk_generate_messages_check_deps_OperatingModes
[  0%] Built target trajectory_msgs_generate_messages_py
[  0%] Built target _interbotix_xs_sdk_generate_messages_check_deps_JointSingleCommand
[  0%] Built target _interbotix_xs_sdk_generate_messages_check_deps_RegisterValues
[  0%] Built target _interbotix_xs_sdk_generate_messages_check_deps_TorqueEnable
[  0%] Built target _interbotix_xs_sdk_generate_messages_check_deps_MotorGains
[  0%] Built target _interbotix_xs_sdk_generate_messages_check_deps_Reboot
[  0%] Built target _interbotix_xs_sdk_generate_messages_check_deps_RobotInfo
[  0%] Built target roscpp_generate_messages_py
[  0%] Built target trajectory_msgs_generate_messages_eus
[  0%] Built target rosgraph_msgs_generate_messages_cpp
[  0%] Built target roscpp_generate_messages_lisp
[  0%] Built target geometry_msgs_generate_messages_eus
[  0%] Built target sensor_msgs_generate_messages_eus
[  0%] Built target std_msgs_generate_messages_nodejs
[  0%] Built target _interbotix_xs_sdk_generate_messages_check_deps_JointGroupCommand
[  0%] Built target _catkin_empty_exported_target
[  0%] Built target std_msgs_generate_messages_lisp
[  0%] Built target sensor_msgs_generate_messages_nodejs
[  0%] Built target roscpp_generate_messages_nodejs
[  0%] Built target actionlib_generate_messages_cpp
[  0%] Built target control_msgs_generate_messages_eus
[  0%] Built target sensor_msgs_generate_messages_lisp
[  0%] Built target geometry_msgs_generate_messages_nodejs
[  0%] Built target std_msgs_generate_messages_cpp
[  0%] Built target rosgraph_msgs_generate_messages_lisp
[  0%] Built target trajectory_msgs_generate_messages_cpp
[  0%] Built target actionlib_msgs_generate_messages_nodejs
[  0%] Built target control_msgs_generate_messages_py
[  0%] Built target rosgraph_msgs_generate_messages_nodejs
[  0%] Built target actionlib_generate_messages_py
[  0%] Built target actionlib_generate_messages_nodejs
[  0%] Built target control_msgs_generate_messages_lisp
[  0%] Built target rosgraph_msgs_generate_messages_py
[  0%] Built target roscpp_generate_messages_eus
[  0%] Built target actionlib_msgs_generate_messages_cpp
[  0%] Built target actionlib_msgs_generate_messages_eus
[  0%] Built target actionlib_msgs_generate_messages_lisp
[  0%] Built target geometry_msgs_generate_messages_lisp
[  0%] Built target actionlib_msgs_generate_messages_py
[  0%] Built target actionlib_generate_messages_lisp
[  0%] Built target geometry_msgs_generate_messages_cpp
[  0%] Built target trajectory_msgs_generate_messages_lisp
[  0%] Built target geometry_msgs_generate_messages_py
[  0%] Built target sensor_msgs_generate_messages_cpp
[  0%] Built target trajectory_msgs_generate_messages_nodejs
[  0%] Built target sensor_msgs_generate_messages_py
[  0%] Built target control_msgs_generate_messages_cpp
[  0%] Built target actionlib_generate_messages_eus
[  0%] Built target rosgraph_msgs_generate_messages_eus
[  0%] Built target control_msgs_generate_messages_nodejs
[ 18%] Built target interbotix_xs_sdk_generate_messages_eus
[ 18%] Built target roscpp_generate_messages_cpp
[ 35%] Built target interbotix_xs_sdk_generate_messages_nodejs
[ 69%] Built target interbotix_xs_sdk_generate_messages_lisp
[ 73%] Built target interbotix_xs_sdk_generate_messages_py
[ 90%] Built target interbotix_xs_sdk_generate_messages_cpp
[ 90%] Built target interbotix_xs_sdk_generate_messages
[ 94%] Built target interbotix_xs_sdk
[100%] Built target xs_sdk
