Linked: (/home/benjamin/catkin_ws/devel/.private/interbotix_xs_sdk/share/gennodejs/ros/interbotix_xs_sdk/_index.js, /home/benjamin/catkin_ws/devel/share/gennodejs/ros/interbotix_xs_sdk/_index.js)
Linked: (/home/benjamin/catkin_ws/devel/.private/interbotix_xs_sdk/share/gennodejs/ros/interbotix_xs_sdk/srv/RobotInfo.js, /home/benjamin/catkin_ws/devel/share/gennodejs/ros/interbotix_xs_sdk/srv/RobotInfo.js)
Linked: (/home/benjamin/catkin_ws/devel/.private/interbotix_xs_sdk/share/gennodejs/ros/interbotix_xs_sdk/srv/_index.js, /home/benjamin/catkin_ws/devel/share/gennodejs/ros/interbotix_xs_sdk/srv/_index.js)
Linked: (/home/benjamin/catkin_ws/devel/.private/interbotix_xs_sdk/share/gennodejs/ros/interbotix_xs_sdk/srv/RegisterValues.js, /home/benjamin/catkin_ws/devel/share/gennodejs/ros/interbotix_xs_sdk/srv/RegisterValues.js)
Linked: (/home/benjamin/catkin_ws/devel/.private/interbotix_xs_sdk/share/gennodejs/ros/interbotix_xs_sdk/srv/Reboot.js, /home/benjamin/catkin_ws/devel/share/gennodejs/ros/interbotix_xs_sdk/srv/Reboot.js)
Linked: (/home/benjamin/catkin_ws/devel/.private/interbotix_xs_sdk/share/gennodejs/ros/interbotix_xs_sdk/srv/MotorGains.js, /home/benjamin/catkin_ws/devel/share/gennodejs/ros/interbotix_xs_sdk/srv/MotorGains.js)
Linked: (/home/benjamin/catkin_ws/devel/.private/interbotix_xs_sdk/share/gennodejs/ros/interbotix_xs_sdk/srv/OperatingModes.js, /home/benjamin/catkin_ws/devel/share/gennodejs/ros/interbotix_xs_sdk/srv/OperatingModes.js)
Linked: (/home/benjamin/catkin_ws/devel/.private/interbotix_xs_sdk/share/gennodejs/ros/interbotix_xs_sdk/srv/TorqueEnable.js, /home/benjamin/catkin_ws/devel/share/gennodejs/ros/interbotix_xs_sdk/srv/TorqueEnable.js)
Linked: (/home/benjamin/catkin_ws/devel/.private/interbotix_xs_sdk/share/gennodejs/ros/interbotix_xs_sdk/msg/_index.js, /home/benjamin/catkin_ws/devel/share/gennodejs/ros/interbotix_xs_sdk/msg/_index.js)
Linked: (/home/benjamin/catkin_ws/devel/.private/interbotix_xs_sdk/share/gennodejs/ros/interbotix_xs_sdk/msg/JointSingleCommand.js, /home/benjamin/catkin_ws/devel/share/gennodejs/ros/interbotix_xs_sdk/msg/JointSingleCommand.js)
Linked: (/home/benjamin/catkin_ws/devel/.private/interbotix_xs_sdk/share/gennodejs/ros/interbotix_xs_sdk/msg/JointTrajectoryCommand.js, /home/benjamin/catkin_ws/devel/share/gennodejs/ros/interbotix_xs_sdk/msg/JointTrajectoryCommand.js)
Linked: (/home/benjamin/catkin_ws/devel/.private/interbotix_xs_sdk/share/gennodejs/ros/interbotix_xs_sdk/msg/JointGroupCommand.js, /home/benjamin/catkin_ws/devel/share/gennodejs/ros/interbotix_xs_sdk/msg/JointGroupCommand.js)
Linked: (/home/benjamin/catkin_ws/devel/.private/interbotix_xs_sdk/share/roseus/ros/interbotix_xs_sdk/manifest.l, /home/benjamin/catkin_ws/devel/share/roseus/ros/interbotix_xs_sdk/manifest.l)
Linked: (/home/benjamin/catkin_ws/devel/.private/interbotix_xs_sdk/share/roseus/ros/interbotix_xs_sdk/srv/OperatingModes.l, /home/benjamin/catkin_ws/devel/share/roseus/ros/interbotix_xs_sdk/srv/OperatingModes.l)
Linked: (/home/benjamin/catkin_ws/devel/.private/interbotix_xs_sdk/share/roseus/ros/interbotix_xs_sdk/srv/RobotInfo.l, /home/benjamin/catkin_ws/devel/share/roseus/ros/interbotix_xs_sdk/srv/RobotInfo.l)
Linked: (/home/benjamin/catkin_ws/devel/.private/interbotix_xs_sdk/share/roseus/ros/interbotix_xs_sdk/srv/TorqueEnable.l, /home/benjamin/catkin_ws/devel/share/roseus/ros/interbotix_xs_sdk/srv/TorqueEnable.l)
Linked: (/home/benjamin/catkin_ws/devel/.private/interbotix_xs_sdk/share/roseus/ros/interbotix_xs_sdk/srv/MotorGains.l, /home/benjamin/catkin_ws/devel/share/roseus/ros/interbotix_xs_sdk/srv/MotorGains.l)
Linked: (/home/benjamin/catkin_ws/devel/.private/interbotix_xs_sdk/share/roseus/ros/interbotix_xs_sdk/srv/Reboot.l, /home/benjamin/catkin_ws/devel/share/roseus/ros/interbotix_xs_sdk/srv/Reboot.l)
Linked: (/home/benjamin/catkin_ws/devel/.private/interbotix_xs_sdk/share/roseus/ros/interbotix_xs_sdk/srv/RegisterValues.l, /home/benjamin/catkin_ws/devel/share/roseus/ros/interbotix_xs_sdk/srv/RegisterValues.l)
Linked: (/home/benjamin/catkin_ws/devel/.private/interbotix_xs_sdk/share/roseus/ros/interbotix_xs_sdk/msg/JointGroupCommand.l, /home/benjamin/catkin_ws/devel/share/roseus/ros/interbotix_xs_sdk/msg/JointGroupCommand.l)
Linked: (/home/benjamin/catkin_ws/devel/.private/interbotix_xs_sdk/share/roseus/ros/interbotix_xs_sdk/msg/JointSingleCommand.l, /home/benjamin/catkin_ws/devel/share/roseus/ros/interbotix_xs_sdk/msg/JointSingleCommand.l)
Linked: (/home/benjamin/catkin_ws/devel/.private/interbotix_xs_sdk/share/roseus/ros/interbotix_xs_sdk/msg/JointTrajectoryCommand.l, /home/benjamin/catkin_ws/devel/share/roseus/ros/interbotix_xs_sdk/msg/JointTrajectoryCommand.l)
Linked: (/home/benjamin/catkin_ws/devel/.private/interbotix_xs_sdk/share/common-lisp/ros/interbotix_xs_sdk/srv/MotorGains.lisp, /home/benjamin/catkin_ws/devel/share/common-lisp/ros/interbotix_xs_sdk/srv/MotorGains.lisp)
Linked: (/home/benjamin/catkin_ws/devel/.private/interbotix_xs_sdk/share/common-lisp/ros/interbotix_xs_sdk/srv/_package_TorqueEnable.lisp, /home/benjamin/catkin_ws/devel/share/common-lisp/ros/interbotix_xs_sdk/srv/_package_TorqueEnable.lisp)
Linked: (/home/benjamin/catkin_ws/devel/.private/interbotix_xs_sdk/share/common-lisp/ros/interbotix_xs_sdk/srv/OperatingModes.lisp, /home/benjamin/catkin_ws/devel/share/common-lisp/ros/interbotix_xs_sdk/srv/OperatingModes.lisp)
Linked: (/home/benjamin/catkin_ws/devel/.private/interbotix_xs_sdk/share/common-lisp/ros/interbotix_xs_sdk/srv/RobotInfo.lisp, /home/benjamin/catkin_ws/devel/share/common-lisp/ros/interbotix_xs_sdk/srv/RobotInfo.lisp)
Linked: (/home/benjamin/catkin_ws/devel/.private/interbotix_xs_sdk/share/common-lisp/ros/interbotix_xs_sdk/srv/Reboot.lisp, /home/benjamin/catkin_ws/devel/share/common-lisp/ros/interbotix_xs_sdk/srv/Reboot.lisp)
Linked: (/home/benjamin/catkin_ws/devel/.private/interbotix_xs_sdk/share/common-lisp/ros/interbotix_xs_sdk/srv/_package_Reboot.lisp, /home/benjamin/catkin_ws/devel/share/common-lisp/ros/interbotix_xs_sdk/srv/_package_Reboot.lisp)
Linked: (/home/benjamin/catkin_ws/devel/.private/interbotix_xs_sdk/share/common-lisp/ros/interbotix_xs_sdk/srv/TorqueEnable.lisp, /home/benjamin/catkin_ws/devel/share/common-lisp/ros/interbotix_xs_sdk/srv/TorqueEnable.lisp)
Linked: (/home/benjamin/catkin_ws/devel/.private/interbotix_xs_sdk/share/common-lisp/ros/interbotix_xs_sdk/srv/RegisterValues.lisp, /home/benjamin/catkin_ws/devel/share/common-lisp/ros/interbotix_xs_sdk/srv/RegisterValues.lisp)
Linked: (/home/benjamin/catkin_ws/devel/.private/interbotix_xs_sdk/share/common-lisp/ros/interbotix_xs_sdk/srv/_package_MotorGains.lisp, /home/benjamin/catkin_ws/devel/share/common-lisp/ros/interbotix_xs_sdk/srv/_package_MotorGains.lisp)
Linked: (/home/benjamin/catkin_ws/devel/.private/interbotix_xs_sdk/share/common-lisp/ros/interbotix_xs_sdk/srv/_package_RobotInfo.lisp, /home/benjamin/catkin_ws/devel/share/common-lisp/ros/interbotix_xs_sdk/srv/_package_RobotInfo.lisp)
Linked: (/home/benjamin/catkin_ws/devel/.private/interbotix_xs_sdk/share/common-lisp/ros/interbotix_xs_sdk/srv/_package.lisp, /home/benjamin/catkin_ws/devel/share/common-lisp/ros/interbotix_xs_sdk/srv/_package.lisp)
Linked: (/home/benjamin/catkin_ws/devel/.private/interbotix_xs_sdk/share/common-lisp/ros/interbotix_xs_sdk/srv/_package_OperatingModes.lisp, /home/benjamin/catkin_ws/devel/share/common-lisp/ros/interbotix_xs_sdk/srv/_package_OperatingModes.lisp)
Linked: (/home/benjamin/catkin_ws/devel/.private/interbotix_xs_sdk/share/common-lisp/ros/interbotix_xs_sdk/srv/_package_RegisterValues.lisp, /home/benjamin/catkin_ws/devel/share/common-lisp/ros/interbotix_xs_sdk/srv/_package_RegisterValues.lisp)
Linked: (/home/benjamin/catkin_ws/devel/.private/interbotix_xs_sdk/share/common-lisp/ros/interbotix_xs_sdk/srv/interbotix_xs_sdk-srv.asd, /home/benjamin/catkin_ws/devel/share/common-lisp/ros/interbotix_xs_sdk/srv/interbotix_xs_sdk-srv.asd)
Linked: (/home/benjamin/catkin_ws/devel/.private/interbotix_xs_sdk/share/common-lisp/ros/interbotix_xs_sdk/msg/JointSingleCommand.lisp, /home/benjamin/catkin_ws/devel/share/common-lisp/ros/interbotix_xs_sdk/msg/JointSingleCommand.lisp)
Linked: (/home/benjamin/catkin_ws/devel/.private/interbotix_xs_sdk/share/common-lisp/ros/interbotix_xs_sdk/msg/_package_JointTrajectoryCommand.lisp, /home/benjamin/catkin_ws/devel/share/common-lisp/ros/interbotix_xs_sdk/msg/_package_JointTrajectoryCommand.lisp)
Linked: (/home/benjamin/catkin_ws/devel/.private/interbotix_xs_sdk/share/common-lisp/ros/interbotix_xs_sdk/msg/JointGroupCommand.lisp, /home/benjamin/catkin_ws/devel/share/common-lisp/ros/interbotix_xs_sdk/msg/JointGroupCommand.lisp)
Linked: (/home/benjamin/catkin_ws/devel/.private/interbotix_xs_sdk/share/common-lisp/ros/interbotix_xs_sdk/msg/interbotix_xs_sdk-msg.asd, /home/benjamin/catkin_ws/devel/share/common-lisp/ros/interbotix_xs_sdk/msg/interbotix_xs_sdk-msg.asd)
Linked: (/home/benjamin/catkin_ws/devel/.private/interbotix_xs_sdk/share/common-lisp/ros/interbotix_xs_sdk/msg/_package_JointGroupCommand.lisp, /home/benjamin/catkin_ws/devel/share/common-lisp/ros/interbotix_xs_sdk/msg/_package_JointGroupCommand.lisp)
Linked: (/home/benjamin/catkin_ws/devel/.private/interbotix_xs_sdk/share/common-lisp/ros/interbotix_xs_sdk/msg/_package.lisp, /home/benjamin/catkin_ws/devel/share/common-lisp/ros/interbotix_xs_sdk/msg/_package.lisp)
Linked: (/home/benjamin/catkin_ws/devel/.private/interbotix_xs_sdk/share/common-lisp/ros/interbotix_xs_sdk/msg/JointTrajectoryCommand.lisp, /home/benjamin/catkin_ws/devel/share/common-lisp/ros/interbotix_xs_sdk/msg/JointTrajectoryCommand.lisp)
Linked: (/home/benjamin/catkin_ws/devel/.private/interbotix_xs_sdk/share/common-lisp/ros/interbotix_xs_sdk/msg/_package_JointSingleCommand.lisp, /home/benjamin/catkin_ws/devel/share/common-lisp/ros/interbotix_xs_sdk/msg/_package_JointSingleCommand.lisp)
Linked: (/home/benjamin/catkin_ws/devel/.private/interbotix_xs_sdk/share/interbotix_xs_sdk/cmake/interbotix_xs_sdkConfig-version.cmake, /home/benjamin/catkin_ws/devel/share/interbotix_xs_sdk/cmake/interbotix_xs_sdkConfig-version.cmake)
Linked: (/home/benjamin/catkin_ws/devel/.private/interbotix_xs_sdk/share/interbotix_xs_sdk/cmake/interbotix_xs_sdk-msg-paths.cmake, /home/benjamin/catkin_ws/devel/share/interbotix_xs_sdk/cmake/interbotix_xs_sdk-msg-paths.cmake)
Linked: (/home/benjamin/catkin_ws/devel/.private/interbotix_xs_sdk/share/interbotix_xs_sdk/cmake/interbotix_xs_sdk-msg-extras.cmake, /home/benjamin/catkin_ws/devel/share/interbotix_xs_sdk/cmake/interbotix_xs_sdk-msg-extras.cmake)
Linked: (/home/benjamin/catkin_ws/devel/.private/interbotix_xs_sdk/share/interbotix_xs_sdk/cmake/interbotix_xs_sdkConfig.cmake, /home/benjamin/catkin_ws/devel/share/interbotix_xs_sdk/cmake/interbotix_xs_sdkConfig.cmake)
Linked: (/home/benjamin/catkin_ws/devel/.private/interbotix_xs_sdk/lib/libinterbotix_xs_sdk.so, /home/benjamin/catkin_ws/devel/lib/libinterbotix_xs_sdk.so)
Linked: (/home/benjamin/catkin_ws/devel/.private/interbotix_xs_sdk/lib/python2.7/dist-packages/interbotix_xs_sdk/__init__.py, /home/benjamin/catkin_ws/devel/lib/python2.7/dist-packages/interbotix_xs_sdk/__init__.py)
Linked: (/home/benjamin/catkin_ws/devel/.private/interbotix_xs_sdk/lib/python2.7/dist-packages/interbotix_xs_sdk/srv/_MotorGains.py, /home/benjamin/catkin_ws/devel/lib/python2.7/dist-packages/interbotix_xs_sdk/srv/_MotorGains.py)
Linked: (/home/benjamin/catkin_ws/devel/.private/interbotix_xs_sdk/lib/python2.7/dist-packages/interbotix_xs_sdk/srv/_OperatingModes.py, /home/benjamin/catkin_ws/devel/lib/python2.7/dist-packages/interbotix_xs_sdk/srv/_OperatingModes.py)
Linked: (/home/benjamin/catkin_ws/devel/.private/interbotix_xs_sdk/lib/python2.7/dist-packages/interbotix_xs_sdk/srv/_Reboot.py, /home/benjamin/catkin_ws/devel/lib/python2.7/dist-packages/interbotix_xs_sdk/srv/_Reboot.py)
Linked: (/home/benjamin/catkin_ws/devel/.private/interbotix_xs_sdk/lib/python2.7/dist-packages/interbotix_xs_sdk/srv/_RobotInfo.py, /home/benjamin/catkin_ws/devel/lib/python2.7/dist-packages/interbotix_xs_sdk/srv/_RobotInfo.py)
Linked: (/home/benjamin/catkin_ws/devel/.private/interbotix_xs_sdk/lib/python2.7/dist-packages/interbotix_xs_sdk/srv/__init__.py, /home/benjamin/catkin_ws/devel/lib/python2.7/dist-packages/interbotix_xs_sdk/srv/__init__.py)
Linked: (/home/benjamin/catkin_ws/devel/.private/interbotix_xs_sdk/lib/python2.7/dist-packages/interbotix_xs_sdk/srv/_RegisterValues.py, /home/benjamin/catkin_ws/devel/lib/python2.7/dist-packages/interbotix_xs_sdk/srv/_RegisterValues.py)
Linked: (/home/benjamin/catkin_ws/devel/.private/interbotix_xs_sdk/lib/python2.7/dist-packages/interbotix_xs_sdk/srv/_TorqueEnable.py, /home/benjamin/catkin_ws/devel/lib/python2.7/dist-packages/interbotix_xs_sdk/srv/_TorqueEnable.py)
Linked: (/home/benjamin/catkin_ws/devel/.private/interbotix_xs_sdk/lib/python2.7/dist-packages/interbotix_xs_sdk/msg/_JointSingleCommand.py, /home/benjamin/catkin_ws/devel/lib/python2.7/dist-packages/interbotix_xs_sdk/msg/_JointSingleCommand.py)
Linked: (/home/benjamin/catkin_ws/devel/.private/interbotix_xs_sdk/lib/python2.7/dist-packages/interbotix_xs_sdk/msg/_JointGroupCommand.py, /home/benjamin/catkin_ws/devel/lib/python2.7/dist-packages/interbotix_xs_sdk/msg/_JointGroupCommand.py)
Linked: (/home/benjamin/catkin_ws/devel/.private/interbotix_xs_sdk/lib/python2.7/dist-packages/interbotix_xs_sdk/msg/_JointTrajectoryCommand.py, /home/benjamin/catkin_ws/devel/lib/python2.7/dist-packages/interbotix_xs_sdk/msg/_JointTrajectoryCommand.py)
Linked: (/home/benjamin/catkin_ws/devel/.private/interbotix_xs_sdk/lib/python2.7/dist-packages/interbotix_xs_sdk/msg/__init__.py, /home/benjamin/catkin_ws/devel/lib/python2.7/dist-packages/interbotix_xs_sdk/msg/__init__.py)
Linked: (/home/benjamin/catkin_ws/devel/.private/interbotix_xs_sdk/lib/interbotix_xs_sdk/xs_sdk, /home/benjamin/catkin_ws/devel/lib/interbotix_xs_sdk/xs_sdk)
Linked: (/home/benjamin/catkin_ws/devel/.private/interbotix_xs_sdk/lib/pkgconfig/interbotix_xs_sdk.pc, /home/benjamin/catkin_ws/devel/lib/pkgconfig/interbotix_xs_sdk.pc)
Linked: (/home/benjamin/catkin_ws/devel/.private/interbotix_xs_sdk/include/interbotix_xs_sdk/OperatingModesRequest.h, /home/benjamin/catkin_ws/devel/include/interbotix_xs_sdk/OperatingModesRequest.h)
Linked: (/home/benjamin/catkin_ws/devel/.private/interbotix_xs_sdk/include/interbotix_xs_sdk/RegisterValues.h, /home/benjamin/catkin_ws/devel/include/interbotix_xs_sdk/RegisterValues.h)
Linked: (/home/benjamin/catkin_ws/devel/.private/interbotix_xs_sdk/include/interbotix_xs_sdk/RobotInfoResponse.h, /home/benjamin/catkin_ws/devel/include/interbotix_xs_sdk/RobotInfoResponse.h)
Linked: (/home/benjamin/catkin_ws/devel/.private/interbotix_xs_sdk/include/interbotix_xs_sdk/TorqueEnable.h, /home/benjamin/catkin_ws/devel/include/interbotix_xs_sdk/TorqueEnable.h)
Linked: (/home/benjamin/catkin_ws/devel/.private/interbotix_xs_sdk/include/interbotix_xs_sdk/RebootRequest.h, /home/benjamin/catkin_ws/devel/include/interbotix_xs_sdk/RebootRequest.h)
Linked: (/home/benjamin/catkin_ws/devel/.private/interbotix_xs_sdk/include/interbotix_xs_sdk/RobotInfo.h, /home/benjamin/catkin_ws/devel/include/interbotix_xs_sdk/RobotInfo.h)
Linked: (/home/benjamin/catkin_ws/devel/.private/interbotix_xs_sdk/include/interbotix_xs_sdk/RebootResponse.h, /home/benjamin/catkin_ws/devel/include/interbotix_xs_sdk/RebootResponse.h)
Linked: (/home/benjamin/catkin_ws/devel/.private/interbotix_xs_sdk/include/interbotix_xs_sdk/TorqueEnableResponse.h, /home/benjamin/catkin_ws/devel/include/interbotix_xs_sdk/TorqueEnableResponse.h)
Linked: (/home/benjamin/catkin_ws/devel/.private/interbotix_xs_sdk/include/interbotix_xs_sdk/OperatingModesResponse.h, /home/benjamin/catkin_ws/devel/include/interbotix_xs_sdk/OperatingModesResponse.h)
Linked: (/home/benjamin/catkin_ws/devel/.private/interbotix_xs_sdk/include/interbotix_xs_sdk/JointSingleCommand.h, /home/benjamin/catkin_ws/devel/include/interbotix_xs_sdk/JointSingleCommand.h)
Linked: (/home/benjamin/catkin_ws/devel/.private/interbotix_xs_sdk/include/interbotix_xs_sdk/MotorGainsRequest.h, /home/benjamin/catkin_ws/devel/include/interbotix_xs_sdk/MotorGainsRequest.h)
Linked: (/home/benjamin/catkin_ws/devel/.private/interbotix_xs_sdk/include/interbotix_xs_sdk/RegisterValuesRequest.h, /home/benjamin/catkin_ws/devel/include/interbotix_xs_sdk/RegisterValuesRequest.h)
Linked: (/home/benjamin/catkin_ws/devel/.private/interbotix_xs_sdk/include/interbotix_xs_sdk/MotorGainsResponse.h, /home/benjamin/catkin_ws/devel/include/interbotix_xs_sdk/MotorGainsResponse.h)
Linked: (/home/benjamin/catkin_ws/devel/.private/interbotix_xs_sdk/include/interbotix_xs_sdk/MotorGains.h, /home/benjamin/catkin_ws/devel/include/interbotix_xs_sdk/MotorGains.h)
Linked: (/home/benjamin/catkin_ws/devel/.private/interbotix_xs_sdk/include/interbotix_xs_sdk/RegisterValuesResponse.h, /home/benjamin/catkin_ws/devel/include/interbotix_xs_sdk/RegisterValuesResponse.h)
Linked: (/home/benjamin/catkin_ws/devel/.private/interbotix_xs_sdk/include/interbotix_xs_sdk/JointGroupCommand.h, /home/benjamin/catkin_ws/devel/include/interbotix_xs_sdk/JointGroupCommand.h)
Linked: (/home/benjamin/catkin_ws/devel/.private/interbotix_xs_sdk/include/interbotix_xs_sdk/TorqueEnableRequest.h, /home/benjamin/catkin_ws/devel/include/interbotix_xs_sdk/TorqueEnableRequest.h)
Linked: (/home/benjamin/catkin_ws/devel/.private/interbotix_xs_sdk/include/interbotix_xs_sdk/Reboot.h, /home/benjamin/catkin_ws/devel/include/interbotix_xs_sdk/Reboot.h)
Linked: (/home/benjamin/catkin_ws/devel/.private/interbotix_xs_sdk/include/interbotix_xs_sdk/OperatingModes.h, /home/benjamin/catkin_ws/devel/include/interbotix_xs_sdk/OperatingModes.h)
Linked: (/home/benjamin/catkin_ws/devel/.private/interbotix_xs_sdk/include/interbotix_xs_sdk/RobotInfoRequest.h, /home/benjamin/catkin_ws/devel/include/interbotix_xs_sdk/RobotInfoRequest.h)
Linked: (/home/benjamin/catkin_ws/devel/.private/interbotix_xs_sdk/include/interbotix_xs_sdk/JointTrajectoryCommand.h, /home/benjamin/catkin_ws/devel/include/interbotix_xs_sdk/JointTrajectoryCommand.h)
