Determining if the pthread_create exist failed with the following output:
Change Dir: /home/benjamin/catkin_ws/build/m1n6s300_moveit_config/CMakeFiles/CMakeTmp

Run Build Command:"/usr/bin/make" "cmTC_bdf4f/fast"
/usr/bin/make -f CMakeFiles/cmTC_bdf4f.dir/build.make CMakeFiles/cmTC_bdf4f.dir/build
make[1]: Entering directory '/home/benjamin/catkin_ws/build/m1n6s300_moveit_config/CMakeFiles/CMakeTmp'
Building C object CMakeFiles/cmTC_bdf4f.dir/CheckSymbolExists.c.o
/usr/bin/cc    -o CMakeFiles/cmTC_bdf4f.dir/CheckSymbolExists.c.o   -c /home/benjamin/catkin_ws/build/m1n6s300_moveit_config/CMakeFiles/CMakeTmp/CheckSymbolExists.c
Linking C executable cmTC_bdf4f
/usr/bin/cmake -E cmake_link_script CMakeFiles/cmTC_bdf4f.dir/link.txt --verbose=1
/usr/bin/cc      -rdynamic CMakeFiles/cmTC_bdf4f.dir/CheckSymbolExists.c.o  -o cmTC_bdf4f 
CMakeFiles/cmTC_bdf4f.dir/CheckSymbolExists.c.o: In function `main':
CheckSymbolExists.c:(.text+0x1b): undefined reference to `pthread_create'
collect2: error: ld returned 1 exit status
CMakeFiles/cmTC_bdf4f.dir/build.make:97: recipe for target 'cmTC_bdf4f' failed
make[1]: *** [cmTC_bdf4f] Error 1
make[1]: Leaving directory '/home/benjamin/catkin_ws/build/m1n6s300_moveit_config/CMakeFiles/CMakeTmp'
Makefile:126: recipe for target 'cmTC_bdf4f/fast' failed
make: *** [cmTC_bdf4f/fast] Error 2

File /home/benjamin/catkin_ws/build/m1n6s300_moveit_config/CMakeFiles/CMakeTmp/CheckSymbolExists.c:
/* */
#include <pthread.h>

int main(int argc, char** argv)
{
  (void)argv;
#ifndef pthread_create
  return ((int*)(&pthread_create))[argc];
#else
  (void)argc;
  return 0;
#endif
}

Determining if the function pthread_create exists in the pthreads failed with the following output:
Change Dir: /home/benjamin/catkin_ws/build/m1n6s300_moveit_config/CMakeFiles/CMakeTmp

Run Build Command:"/usr/bin/make" "cmTC_1f5ca/fast"
/usr/bin/make -f CMakeFiles/cmTC_1f5ca.dir/build.make CMakeFiles/cmTC_1f5ca.dir/build
make[1]: Entering directory '/home/benjamin/catkin_ws/build/m1n6s300_moveit_config/CMakeFiles/CMakeTmp'
Building C object CMakeFiles/cmTC_1f5ca.dir/CheckFunctionExists.c.o
/usr/bin/cc   -DCHECK_FUNCTION_EXISTS=pthread_create   -o CMakeFiles/cmTC_1f5ca.dir/CheckFunctionExists.c.o   -c /usr/share/cmake-3.10/Modules/CheckFunctionExists.c
Linking C executable cmTC_1f5ca
/usr/bin/cmake -E cmake_link_script CMakeFiles/cmTC_1f5ca.dir/link.txt --verbose=1
/usr/bin/cc  -DCHECK_FUNCTION_EXISTS=pthread_create    -rdynamic CMakeFiles/cmTC_1f5ca.dir/CheckFunctionExists.c.o  -o cmTC_1f5ca -lpthreads 
/usr/bin/ld: cannot find -lpthreads
collect2: error: ld returned 1 exit status
CMakeFiles/cmTC_1f5ca.dir/build.make:97: recipe for target 'cmTC_1f5ca' failed
make[1]: *** [cmTC_1f5ca] Error 1
make[1]: Leaving directory '/home/benjamin/catkin_ws/build/m1n6s300_moveit_config/CMakeFiles/CMakeTmp'
Makefile:126: recipe for target 'cmTC_1f5ca/fast' failed
make: *** [cmTC_1f5ca/fast] Error 2


