Determining if the pthread_create exist failed with the following output:
Change Dir: /home/benjamin/catkin_ws/build/summit_xl_description/CMakeFiles/CMakeTmp

Run Build Command:"/usr/bin/make" "cmTC_906cd/fast"
/usr/bin/make -f CMakeFiles/cmTC_906cd.dir/build.make CMakeFiles/cmTC_906cd.dir/build
make[1]: Entering directory '/home/benjamin/catkin_ws/build/summit_xl_description/CMakeFiles/CMakeTmp'
Building C object CMakeFiles/cmTC_906cd.dir/CheckSymbolExists.c.o
/usr/bin/cc    -o CMakeFiles/cmTC_906cd.dir/CheckSymbolExists.c.o   -c /home/benjamin/catkin_ws/build/summit_xl_description/CMakeFiles/CMakeTmp/CheckSymbolExists.c
Linking C executable cmTC_906cd
/usr/bin/cmake -E cmake_link_script CMakeFiles/cmTC_906cd.dir/link.txt --verbose=1
/usr/bin/cc      -rdynamic CMakeFiles/cmTC_906cd.dir/CheckSymbolExists.c.o  -o cmTC_906cd 
CMakeFiles/cmTC_906cd.dir/CheckSymbolExists.c.o: In function `main':
CheckSymbolExists.c:(.text+0x1b): undefined reference to `pthread_create'
collect2: error: ld returned 1 exit status
CMakeFiles/cmTC_906cd.dir/build.make:97: recipe for target 'cmTC_906cd' failed
make[1]: *** [cmTC_906cd] Error 1
make[1]: Leaving directory '/home/benjamin/catkin_ws/build/summit_xl_description/CMakeFiles/CMakeTmp'
Makefile:126: recipe for target 'cmTC_906cd/fast' failed
make: *** [cmTC_906cd/fast] Error 2

File /home/benjamin/catkin_ws/build/summit_xl_description/CMakeFiles/CMakeTmp/CheckSymbolExists.c:
/* */
#include <pthread.h>

int main(int argc, char** argv)
{
  (void)argv;
#ifndef pthread_create
  return ((int*)(&pthread_create))[argc];
#else
  (void)argc;
  return 0;
#endif
}

Determining if the function pthread_create exists in the pthreads failed with the following output:
Change Dir: /home/benjamin/catkin_ws/build/summit_xl_description/CMakeFiles/CMakeTmp

Run Build Command:"/usr/bin/make" "cmTC_5b002/fast"
/usr/bin/make -f CMakeFiles/cmTC_5b002.dir/build.make CMakeFiles/cmTC_5b002.dir/build
make[1]: Entering directory '/home/benjamin/catkin_ws/build/summit_xl_description/CMakeFiles/CMakeTmp'
Building C object CMakeFiles/cmTC_5b002.dir/CheckFunctionExists.c.o
/usr/bin/cc   -DCHECK_FUNCTION_EXISTS=pthread_create   -o CMakeFiles/cmTC_5b002.dir/CheckFunctionExists.c.o   -c /usr/share/cmake-3.10/Modules/CheckFunctionExists.c
Linking C executable cmTC_5b002
/usr/bin/cmake -E cmake_link_script CMakeFiles/cmTC_5b002.dir/link.txt --verbose=1
/usr/bin/cc  -DCHECK_FUNCTION_EXISTS=pthread_create    -rdynamic CMakeFiles/cmTC_5b002.dir/CheckFunctionExists.c.o  -o cmTC_5b002 -lpthreads 
/usr/bin/ld: cannot find -lpthreads
collect2: error: ld returned 1 exit status
CMakeFiles/cmTC_5b002.dir/build.make:97: recipe for target 'cmTC_5b002' failed
make[1]: *** [cmTC_5b002] Error 1
make[1]: Leaving directory '/home/benjamin/catkin_ws/build/summit_xl_description/CMakeFiles/CMakeTmp'
Makefile:126: recipe for target 'cmTC_5b002/fast' failed
make: *** [cmTC_5b002/fast] Error 2


