Determining if the pthread_create exist failed with the following output:
Change Dir: /home/benjamin/catkin_ws/build/husky_control/CMakeFiles/CMakeTmp

Run Build Command:"/usr/bin/make" "cmTC_d483d/fast"
/usr/bin/make -f CMakeFiles/cmTC_d483d.dir/build.make CMakeFiles/cmTC_d483d.dir/build
make[1]: Entering directory '/home/benjamin/catkin_ws/build/husky_control/CMakeFiles/CMakeTmp'
Building C object CMakeFiles/cmTC_d483d.dir/CheckSymbolExists.c.o
/usr/bin/cc    -o CMakeFiles/cmTC_d483d.dir/CheckSymbolExists.c.o   -c /home/benjamin/catkin_ws/build/husky_control/CMakeFiles/CMakeTmp/CheckSymbolExists.c
Linking C executable cmTC_d483d
/usr/bin/cmake -E cmake_link_script CMakeFiles/cmTC_d483d.dir/link.txt --verbose=1
/usr/bin/cc      -rdynamic CMakeFiles/cmTC_d483d.dir/CheckSymbolExists.c.o  -o cmTC_d483d 
CMakeFiles/cmTC_d483d.dir/CheckSymbolExists.c.o: In function `main':
CheckSymbolExists.c:(.text+0x1b): undefined reference to `pthread_create'
collect2: error: ld returned 1 exit status
CMakeFiles/cmTC_d483d.dir/build.make:97: recipe for target 'cmTC_d483d' failed
make[1]: *** [cmTC_d483d] Error 1
make[1]: Leaving directory '/home/benjamin/catkin_ws/build/husky_control/CMakeFiles/CMakeTmp'
Makefile:126: recipe for target 'cmTC_d483d/fast' failed
make: *** [cmTC_d483d/fast] Error 2

File /home/benjamin/catkin_ws/build/husky_control/CMakeFiles/CMakeTmp/CheckSymbolExists.c:
/* */
#include <pthread.h>

int main(int argc, char** argv)
{
  (void)argv;
#ifndef pthread_create
  return ((int*)(&pthread_create))[argc];
#else
  (void)argc;
  return 0;
#endif
}

Determining if the function pthread_create exists in the pthreads failed with the following output:
Change Dir: /home/benjamin/catkin_ws/build/husky_control/CMakeFiles/CMakeTmp

Run Build Command:"/usr/bin/make" "cmTC_deeea/fast"
/usr/bin/make -f CMakeFiles/cmTC_deeea.dir/build.make CMakeFiles/cmTC_deeea.dir/build
make[1]: Entering directory '/home/benjamin/catkin_ws/build/husky_control/CMakeFiles/CMakeTmp'
Building C object CMakeFiles/cmTC_deeea.dir/CheckFunctionExists.c.o
/usr/bin/cc   -DCHECK_FUNCTION_EXISTS=pthread_create   -o CMakeFiles/cmTC_deeea.dir/CheckFunctionExists.c.o   -c /usr/share/cmake-3.10/Modules/CheckFunctionExists.c
Linking C executable cmTC_deeea
/usr/bin/cmake -E cmake_link_script CMakeFiles/cmTC_deeea.dir/link.txt --verbose=1
/usr/bin/cc  -DCHECK_FUNCTION_EXISTS=pthread_create    -rdynamic CMakeFiles/cmTC_deeea.dir/CheckFunctionExists.c.o  -o cmTC_deeea -lpthreads 
/usr/bin/ld: cannot find -lpthreads
collect2: error: ld returned 1 exit status
CMakeFiles/cmTC_deeea.dir/build.make:97: recipe for target 'cmTC_deeea' failed
make[1]: *** [cmTC_deeea] Error 1
make[1]: Leaving directory '/home/benjamin/catkin_ws/build/husky_control/CMakeFiles/CMakeTmp'
Makefile:126: recipe for target 'cmTC_deeea/fast' failed
make: *** [cmTC_deeea/fast] Error 2


