[  0%] Built target geometry_msgs_generate_messages_py
[  0%] Built target robotnik_pad_msgs_generate_messages_py
[  0%] Built target robotnik_pad_msgs_generate_messages_cpp
[  0%] Built target ackermann_msgs_generate_messages_eus
[  0%] Built target ackermann_msgs_generate_messages_py
[  0%] Built target sensor_msgs_generate_messages_py
[  0%] Built target sensor_msgs_generate_messages_eus
[  0%] Built target rosgraph_msgs_generate_messages_py
[  0%] Built target rosgraph_msgs_generate_messages_nodejs
[  0%] Built target std_msgs_generate_messages_eus
[  0%] Built target rosgraph_msgs_generate_messages_lisp
[  0%] Built target rosgraph_msgs_generate_messages_eus
[  0%] Built target actionlib_msgs_generate_messages_cpp
[  0%] Built target robotnik_pad_msgs_generate_messages_eus
[  0%] Built target rosgraph_msgs_generate_messages_cpp
[  0%] Built target roscpp_generate_messages_py
[  0%] Built target geometry_msgs_generate_messages_eus
[  0%] Built target roscpp_generate_messages_nodejs
[  0%] Built target roscpp_generate_messages_lisp
[  0%] Built target roscpp_generate_messages_eus
[  0%] Built target ackermann_msgs_generate_messages_cpp
[  0%] Built target sensor_msgs_generate_messages_nodejs
[  0%] Built target roscpp_generate_messages_cpp
[  0%] Built target robotnik_msgs_generate_messages_eus
[  0%] Built target ackermann_msgs_generate_messages_nodejs
[  0%] Built target actionlib_msgs_generate_messages_nodejs
[  0%] Built target std_msgs_generate_messages_cpp
[  0%] Built target ackermann_msgs_generate_messages_lisp
[  0%] Built target geometry_msgs_generate_messages_nodejs
[  0%] Built target sensor_msgs_generate_messages_lisp
[  0%] Built target sensor_msgs_generate_messages_cpp
[  0%] Built target std_msgs_generate_messages_lisp
[  0%] Built target robotnik_pad_msgs_generate_messages_nodejs
[  0%] Built target std_msgs_generate_messages_py
[  0%] Built target robotnik_msgs_generate_messages_cpp
[  0%] Built target std_msgs_generate_messages_nodejs
[  0%] Built target robotnik_msgs_generate_messages_lisp
[  0%] Built target robotnik_msgs_generate_messages_py
[  0%] Built target robotnik_msgs_generate_messages_nodejs
[  0%] Built target actionlib_msgs_generate_messages_lisp
[  0%] Built target actionlib_msgs_generate_messages_eus
[  0%] Built target actionlib_msgs_generate_messages_py
[  0%] Built target robotnik_pad_msgs_generate_messages_lisp
[  0%] Built target geometry_msgs_generate_messages_cpp
[  0%] Built target geometry_msgs_generate_messages_lisp
[ 16%] [32m[1mLinking CXX shared library /home/benjamin/catkin_ws/devel/.private/robotnik_pad_plugins/lib/librobotnik_pad_plugins.so[0m
[ 66%] Built target robotnik_pad_plugins
[ 83%] [32m[1mLinking CXX shared library /home/benjamin/catkin_ws/devel/.private/robotnik_pad_plugins/lib/librobotnik_pad_pluginlib.so[0m
[100%] Built target robotnik_pad_pluginlib
