Determining if the pthread_create exist failed with the following output:
Change Dir: /home/benjamin/catkin_ws/build/j2s7s300_moveit_config/CMakeFiles/CMakeTmp

Run Build Command:"/usr/bin/make" "cmTC_8f76e/fast"
/usr/bin/make -f CMakeFiles/cmTC_8f76e.dir/build.make CMakeFiles/cmTC_8f76e.dir/build
make[1]: Entering directory '/home/benjamin/catkin_ws/build/j2s7s300_moveit_config/CMakeFiles/CMakeTmp'
Building C object CMakeFiles/cmTC_8f76e.dir/CheckSymbolExists.c.o
/usr/bin/cc    -o CMakeFiles/cmTC_8f76e.dir/CheckSymbolExists.c.o   -c /home/benjamin/catkin_ws/build/j2s7s300_moveit_config/CMakeFiles/CMakeTmp/CheckSymbolExists.c
Linking C executable cmTC_8f76e
/usr/bin/cmake -E cmake_link_script CMakeFiles/cmTC_8f76e.dir/link.txt --verbose=1
/usr/bin/cc      -rdynamic CMakeFiles/cmTC_8f76e.dir/CheckSymbolExists.c.o  -o cmTC_8f76e 
CMakeFiles/cmTC_8f76e.dir/CheckSymbolExists.c.o: In function `main':
CheckSymbolExists.c:(.text+0x1b): undefined reference to `pthread_create'
collect2: error: ld returned 1 exit status
CMakeFiles/cmTC_8f76e.dir/build.make:97: recipe for target 'cmTC_8f76e' failed
make[1]: *** [cmTC_8f76e] Error 1
make[1]: Leaving directory '/home/benjamin/catkin_ws/build/j2s7s300_moveit_config/CMakeFiles/CMakeTmp'
Makefile:126: recipe for target 'cmTC_8f76e/fast' failed
make: *** [cmTC_8f76e/fast] Error 2

File /home/benjamin/catkin_ws/build/j2s7s300_moveit_config/CMakeFiles/CMakeTmp/CheckSymbolExists.c:
/* */
#include <pthread.h>

int main(int argc, char** argv)
{
  (void)argv;
#ifndef pthread_create
  return ((int*)(&pthread_create))[argc];
#else
  (void)argc;
  return 0;
#endif
}

Determining if the function pthread_create exists in the pthreads failed with the following output:
Change Dir: /home/benjamin/catkin_ws/build/j2s7s300_moveit_config/CMakeFiles/CMakeTmp

Run Build Command:"/usr/bin/make" "cmTC_db682/fast"
/usr/bin/make -f CMakeFiles/cmTC_db682.dir/build.make CMakeFiles/cmTC_db682.dir/build
make[1]: Entering directory '/home/benjamin/catkin_ws/build/j2s7s300_moveit_config/CMakeFiles/CMakeTmp'
Building C object CMakeFiles/cmTC_db682.dir/CheckFunctionExists.c.o
/usr/bin/cc   -DCHECK_FUNCTION_EXISTS=pthread_create   -o CMakeFiles/cmTC_db682.dir/CheckFunctionExists.c.o   -c /usr/share/cmake-3.10/Modules/CheckFunctionExists.c
Linking C executable cmTC_db682
/usr/bin/cmake -E cmake_link_script CMakeFiles/cmTC_db682.dir/link.txt --verbose=1
/usr/bin/cc  -DCHECK_FUNCTION_EXISTS=pthread_create    -rdynamic CMakeFiles/cmTC_db682.dir/CheckFunctionExists.c.o  -o cmTC_db682 -lpthreads 
/usr/bin/ld: cannot find -lpthreads
collect2: error: ld returned 1 exit status
CMakeFiles/cmTC_db682.dir/build.make:97: recipe for target 'cmTC_db682' failed
make[1]: *** [cmTC_db682] Error 1
make[1]: Leaving directory '/home/benjamin/catkin_ws/build/j2s7s300_moveit_config/CMakeFiles/CMakeTmp'
Makefile:126: recipe for target 'cmTC_db682/fast' failed
make: *** [cmTC_db682/fast] Error 2


