Linked: (/home/benjamin/catkin_ws/devel/.private/costmap_prohibition_layer/share/costmap_prohibition_layer/cmake/costmap_prohibition_layer-msg-extras.cmake, /home/benjamin/catkin_ws/devel/share/costmap_prohibition_layer/cmake/costmap_prohibition_layer-msg-extras.cmake)
Linked: (/home/benjamin/catkin_ws/devel/.private/costmap_prohibition_layer/share/costmap_prohibition_layer/cmake/costmap_prohibition_layerConfig-version.cmake, /home/benjamin/catkin_ws/devel/share/costmap_prohibition_layer/cmake/costmap_prohibition_layerConfig-version.cmake)
Linked: (/home/benjamin/catkin_ws/devel/.private/costmap_prohibition_layer/share/costmap_prohibition_layer/cmake/costmap_prohibition_layerConfig.cmake, /home/benjamin/catkin_ws/devel/share/costmap_prohibition_layer/cmake/costmap_prohibition_layerConfig.cmake)
Linked: (/home/benjamin/catkin_ws/devel/.private/costmap_prohibition_layer/share/costmap_prohibition_layer/cmake/costmap_prohibition_layer-msg-paths.cmake, /home/benjamin/catkin_ws/devel/share/costmap_prohibition_layer/cmake/costmap_prohibition_layer-msg-paths.cmake)
Linked: (/home/benjamin/catkin_ws/devel/.private/costmap_prohibition_layer/share/costmap_prohibition_layer/docs/CostmapProhibitionLayerConfig.wikidoc, /home/benjamin/catkin_ws/devel/share/costmap_prohibition_layer/docs/CostmapProhibitionLayerConfig.wikidoc)
Linked: (/home/benjamin/catkin_ws/devel/.private/costmap_prohibition_layer/share/costmap_prohibition_layer/docs/CostmapProhibitionLayerConfig-usage.dox, /home/benjamin/catkin_ws/devel/share/costmap_prohibition_layer/docs/CostmapProhibitionLayerConfig-usage.dox)
Linked: (/home/benjamin/catkin_ws/devel/.private/costmap_prohibition_layer/share/costmap_prohibition_layer/docs/CostmapProhibitionLayerConfig.dox, /home/benjamin/catkin_ws/devel/share/costmap_prohibition_layer/docs/CostmapProhibitionLayerConfig.dox)
Linked: (/home/benjamin/catkin_ws/devel/.private/costmap_prohibition_layer/share/gennodejs/ros/costmap_prohibition_layer/_index.js, /home/benjamin/catkin_ws/devel/share/gennodejs/ros/costmap_prohibition_layer/_index.js)
Linked: (/home/benjamin/catkin_ws/devel/.private/costmap_prohibition_layer/share/gennodejs/ros/costmap_prohibition_layer/srv/AddProhibitedPoints.js, /home/benjamin/catkin_ws/devel/share/gennodejs/ros/costmap_prohibition_layer/srv/AddProhibitedPoints.js)
Linked: (/home/benjamin/catkin_ws/devel/.private/costmap_prohibition_layer/share/gennodejs/ros/costmap_prohibition_layer/srv/ClearProhibitedPoints.js, /home/benjamin/catkin_ws/devel/share/gennodejs/ros/costmap_prohibition_layer/srv/ClearProhibitedPoints.js)
Linked: (/home/benjamin/catkin_ws/devel/.private/costmap_prohibition_layer/share/gennodejs/ros/costmap_prohibition_layer/srv/_index.js, /home/benjamin/catkin_ws/devel/share/gennodejs/ros/costmap_prohibition_layer/srv/_index.js)
Linked: (/home/benjamin/catkin_ws/devel/.private/costmap_prohibition_layer/share/gennodejs/ros/costmap_prohibition_layer/srv/SetProhibitedPoints.js, /home/benjamin/catkin_ws/devel/share/gennodejs/ros/costmap_prohibition_layer/srv/SetProhibitedPoints.js)
Linked: (/home/benjamin/catkin_ws/devel/.private/costmap_prohibition_layer/share/gennodejs/ros/costmap_prohibition_layer/srv/GetProhibitedPoints.js, /home/benjamin/catkin_ws/devel/share/gennodejs/ros/costmap_prohibition_layer/srv/GetProhibitedPoints.js)
Linked: (/home/benjamin/catkin_ws/devel/.private/costmap_prohibition_layer/share/roseus/ros/costmap_prohibition_layer/manifest.l, /home/benjamin/catkin_ws/devel/share/roseus/ros/costmap_prohibition_layer/manifest.l)
Linked: (/home/benjamin/catkin_ws/devel/.private/costmap_prohibition_layer/share/roseus/ros/costmap_prohibition_layer/srv/ClearProhibitedPoints.l, /home/benjamin/catkin_ws/devel/share/roseus/ros/costmap_prohibition_layer/srv/ClearProhibitedPoints.l)
Linked: (/home/benjamin/catkin_ws/devel/.private/costmap_prohibition_layer/share/roseus/ros/costmap_prohibition_layer/srv/AddProhibitedPoints.l, /home/benjamin/catkin_ws/devel/share/roseus/ros/costmap_prohibition_layer/srv/AddProhibitedPoints.l)
Linked: (/home/benjamin/catkin_ws/devel/.private/costmap_prohibition_layer/share/roseus/ros/costmap_prohibition_layer/srv/SetProhibitedPoints.l, /home/benjamin/catkin_ws/devel/share/roseus/ros/costmap_prohibition_layer/srv/SetProhibitedPoints.l)
Linked: (/home/benjamin/catkin_ws/devel/.private/costmap_prohibition_layer/share/roseus/ros/costmap_prohibition_layer/srv/GetProhibitedPoints.l, /home/benjamin/catkin_ws/devel/share/roseus/ros/costmap_prohibition_layer/srv/GetProhibitedPoints.l)
Linked: (/home/benjamin/catkin_ws/devel/.private/costmap_prohibition_layer/share/common-lisp/ros/costmap_prohibition_layer/srv/AddProhibitedPoints.lisp, /home/benjamin/catkin_ws/devel/share/common-lisp/ros/costmap_prohibition_layer/srv/AddProhibitedPoints.lisp)
Linked: (/home/benjamin/catkin_ws/devel/.private/costmap_prohibition_layer/share/common-lisp/ros/costmap_prohibition_layer/srv/GetProhibitedPoints.lisp, /home/benjamin/catkin_ws/devel/share/common-lisp/ros/costmap_prohibition_layer/srv/GetProhibitedPoints.lisp)
Linked: (/home/benjamin/catkin_ws/devel/.private/costmap_prohibition_layer/share/common-lisp/ros/costmap_prohibition_layer/srv/_package_SetProhibitedPoints.lisp, /home/benjamin/catkin_ws/devel/share/common-lisp/ros/costmap_prohibition_layer/srv/_package_SetProhibitedPoints.lisp)
Linked: (/home/benjamin/catkin_ws/devel/.private/costmap_prohibition_layer/share/common-lisp/ros/costmap_prohibition_layer/srv/_package_AddProhibitedPoints.lisp, /home/benjamin/catkin_ws/devel/share/common-lisp/ros/costmap_prohibition_layer/srv/_package_AddProhibitedPoints.lisp)
Linked: (/home/benjamin/catkin_ws/devel/.private/costmap_prohibition_layer/share/common-lisp/ros/costmap_prohibition_layer/srv/SetProhibitedPoints.lisp, /home/benjamin/catkin_ws/devel/share/common-lisp/ros/costmap_prohibition_layer/srv/SetProhibitedPoints.lisp)
Linked: (/home/benjamin/catkin_ws/devel/.private/costmap_prohibition_layer/share/common-lisp/ros/costmap_prohibition_layer/srv/_package_GetProhibitedPoints.lisp, /home/benjamin/catkin_ws/devel/share/common-lisp/ros/costmap_prohibition_layer/srv/_package_GetProhibitedPoints.lisp)
Linked: (/home/benjamin/catkin_ws/devel/.private/costmap_prohibition_layer/share/common-lisp/ros/costmap_prohibition_layer/srv/ClearProhibitedPoints.lisp, /home/benjamin/catkin_ws/devel/share/common-lisp/ros/costmap_prohibition_layer/srv/ClearProhibitedPoints.lisp)
Linked: (/home/benjamin/catkin_ws/devel/.private/costmap_prohibition_layer/share/common-lisp/ros/costmap_prohibition_layer/srv/costmap_prohibition_layer-srv.asd, /home/benjamin/catkin_ws/devel/share/common-lisp/ros/costmap_prohibition_layer/srv/costmap_prohibition_layer-srv.asd)
Linked: (/home/benjamin/catkin_ws/devel/.private/costmap_prohibition_layer/share/common-lisp/ros/costmap_prohibition_layer/srv/_package.lisp, /home/benjamin/catkin_ws/devel/share/common-lisp/ros/costmap_prohibition_layer/srv/_package.lisp)
Linked: (/home/benjamin/catkin_ws/devel/.private/costmap_prohibition_layer/share/common-lisp/ros/costmap_prohibition_layer/srv/_package_ClearProhibitedPoints.lisp, /home/benjamin/catkin_ws/devel/share/common-lisp/ros/costmap_prohibition_layer/srv/_package_ClearProhibitedPoints.lisp)
Linked: (/home/benjamin/catkin_ws/devel/.private/costmap_prohibition_layer/lib/libcostmap_prohibition_layer.so, /home/benjamin/catkin_ws/devel/lib/libcostmap_prohibition_layer.so)
Linked: (/home/benjamin/catkin_ws/devel/.private/costmap_prohibition_layer/lib/python2.7/dist-packages/costmap_prohibition_layer/__init__.py, /home/benjamin/catkin_ws/devel/lib/python2.7/dist-packages/costmap_prohibition_layer/__init__.py)
Linked: (/home/benjamin/catkin_ws/devel/.private/costmap_prohibition_layer/lib/python2.7/dist-packages/costmap_prohibition_layer/srv/_SetProhibitedPoints.py, /home/benjamin/catkin_ws/devel/lib/python2.7/dist-packages/costmap_prohibition_layer/srv/_SetProhibitedPoints.py)
Linked: (/home/benjamin/catkin_ws/devel/.private/costmap_prohibition_layer/lib/python2.7/dist-packages/costmap_prohibition_layer/srv/_GetProhibitedPoints.py, /home/benjamin/catkin_ws/devel/lib/python2.7/dist-packages/costmap_prohibition_layer/srv/_GetProhibitedPoints.py)
Linked: (/home/benjamin/catkin_ws/devel/.private/costmap_prohibition_layer/lib/python2.7/dist-packages/costmap_prohibition_layer/srv/_ClearProhibitedPoints.py, /home/benjamin/catkin_ws/devel/lib/python2.7/dist-packages/costmap_prohibition_layer/srv/_ClearProhibitedPoints.py)
Linked: (/home/benjamin/catkin_ws/devel/.private/costmap_prohibition_layer/lib/python2.7/dist-packages/costmap_prohibition_layer/srv/__init__.py, /home/benjamin/catkin_ws/devel/lib/python2.7/dist-packages/costmap_prohibition_layer/srv/__init__.py)
Linked: (/home/benjamin/catkin_ws/devel/.private/costmap_prohibition_layer/lib/python2.7/dist-packages/costmap_prohibition_layer/srv/_AddProhibitedPoints.py, /home/benjamin/catkin_ws/devel/lib/python2.7/dist-packages/costmap_prohibition_layer/srv/_AddProhibitedPoints.py)
Linked: (/home/benjamin/catkin_ws/devel/.private/costmap_prohibition_layer/lib/python2.7/dist-packages/costmap_prohibition_layer/cfg/CostmapProhibitionLayerConfig.py, /home/benjamin/catkin_ws/devel/lib/python2.7/dist-packages/costmap_prohibition_layer/cfg/CostmapProhibitionLayerConfig.py)
Linked: (/home/benjamin/catkin_ws/devel/.private/costmap_prohibition_layer/lib/python2.7/dist-packages/costmap_prohibition_layer/cfg/__init__.py, /home/benjamin/catkin_ws/devel/lib/python2.7/dist-packages/costmap_prohibition_layer/cfg/__init__.py)
Linked: (/home/benjamin/catkin_ws/devel/.private/costmap_prohibition_layer/lib/pkgconfig/costmap_prohibition_layer.pc, /home/benjamin/catkin_ws/devel/lib/pkgconfig/costmap_prohibition_layer.pc)
Linked: (/home/benjamin/catkin_ws/devel/.private/costmap_prohibition_layer/include/costmap_prohibition_layer/GetProhibitedPointsResponse.h, /home/benjamin/catkin_ws/devel/include/costmap_prohibition_layer/GetProhibitedPointsResponse.h)
Linked: (/home/benjamin/catkin_ws/devel/.private/costmap_prohibition_layer/include/costmap_prohibition_layer/GetProhibitedPoints.h, /home/benjamin/catkin_ws/devel/include/costmap_prohibition_layer/GetProhibitedPoints.h)
Linked: (/home/benjamin/catkin_ws/devel/.private/costmap_prohibition_layer/include/costmap_prohibition_layer/SetProhibitedPointsRequest.h, /home/benjamin/catkin_ws/devel/include/costmap_prohibition_layer/SetProhibitedPointsRequest.h)
Linked: (/home/benjamin/catkin_ws/devel/.private/costmap_prohibition_layer/include/costmap_prohibition_layer/ClearProhibitedPointsRequest.h, /home/benjamin/catkin_ws/devel/include/costmap_prohibition_layer/ClearProhibitedPointsRequest.h)
Linked: (/home/benjamin/catkin_ws/devel/.private/costmap_prohibition_layer/include/costmap_prohibition_layer/SetProhibitedPointsResponse.h, /home/benjamin/catkin_ws/devel/include/costmap_prohibition_layer/SetProhibitedPointsResponse.h)
Linked: (/home/benjamin/catkin_ws/devel/.private/costmap_prohibition_layer/include/costmap_prohibition_layer/CostmapProhibitionLayerConfig.h, /home/benjamin/catkin_ws/devel/include/costmap_prohibition_layer/CostmapProhibitionLayerConfig.h)
Linked: (/home/benjamin/catkin_ws/devel/.private/costmap_prohibition_layer/include/costmap_prohibition_layer/GetProhibitedPointsRequest.h, /home/benjamin/catkin_ws/devel/include/costmap_prohibition_layer/GetProhibitedPointsRequest.h)
Linked: (/home/benjamin/catkin_ws/devel/.private/costmap_prohibition_layer/include/costmap_prohibition_layer/ClearProhibitedPoints.h, /home/benjamin/catkin_ws/devel/include/costmap_prohibition_layer/ClearProhibitedPoints.h)
Linked: (/home/benjamin/catkin_ws/devel/.private/costmap_prohibition_layer/include/costmap_prohibition_layer/SetProhibitedPoints.h, /home/benjamin/catkin_ws/devel/include/costmap_prohibition_layer/SetProhibitedPoints.h)
Linked: (/home/benjamin/catkin_ws/devel/.private/costmap_prohibition_layer/include/costmap_prohibition_layer/ClearProhibitedPointsResponse.h, /home/benjamin/catkin_ws/devel/include/costmap_prohibition_layer/ClearProhibitedPointsResponse.h)
Linked: (/home/benjamin/catkin_ws/devel/.private/costmap_prohibition_layer/include/costmap_prohibition_layer/AddProhibitedPointsRequest.h, /home/benjamin/catkin_ws/devel/include/costmap_prohibition_layer/AddProhibitedPointsRequest.h)
Linked: (/home/benjamin/catkin_ws/devel/.private/costmap_prohibition_layer/include/costmap_prohibition_layer/AddProhibitedPoints.h, /home/benjamin/catkin_ws/devel/include/costmap_prohibition_layer/AddProhibitedPoints.h)
Linked: (/home/benjamin/catkin_ws/devel/.private/costmap_prohibition_layer/include/costmap_prohibition_layer/AddProhibitedPointsResponse.h, /home/benjamin/catkin_ws/devel/include/costmap_prohibition_layer/AddProhibitedPointsResponse.h)
