Determining if the pthread_create exist failed with the following output:
Change Dir: /home/benjamin/catkin_ws/build/summit_xl_sim_bringup/CMakeFiles/CMakeTmp

Run Build Command:"/usr/bin/make" "cmTC_cbb82/fast"
/usr/bin/make -f CMakeFiles/cmTC_cbb82.dir/build.make CMakeFiles/cmTC_cbb82.dir/build
make[1]: Entering directory '/home/benjamin/catkin_ws/build/summit_xl_sim_bringup/CMakeFiles/CMakeTmp'
Building C object CMakeFiles/cmTC_cbb82.dir/CheckSymbolExists.c.o
/usr/bin/cc    -o CMakeFiles/cmTC_cbb82.dir/CheckSymbolExists.c.o   -c /home/benjamin/catkin_ws/build/summit_xl_sim_bringup/CMakeFiles/CMakeTmp/CheckSymbolExists.c
Linking C executable cmTC_cbb82
/usr/bin/cmake -E cmake_link_script CMakeFiles/cmTC_cbb82.dir/link.txt --verbose=1
/usr/bin/cc      -rdynamic CMakeFiles/cmTC_cbb82.dir/CheckSymbolExists.c.o  -o cmTC_cbb82 
CMakeFiles/cmTC_cbb82.dir/CheckSymbolExists.c.o: In function `main':
CheckSymbolExists.c:(.text+0x1b): undefined reference to `pthread_create'
collect2: error: ld returned 1 exit status
CMakeFiles/cmTC_cbb82.dir/build.make:97: recipe for target 'cmTC_cbb82' failed
make[1]: *** [cmTC_cbb82] Error 1
make[1]: Leaving directory '/home/benjamin/catkin_ws/build/summit_xl_sim_bringup/CMakeFiles/CMakeTmp'
Makefile:126: recipe for target 'cmTC_cbb82/fast' failed
make: *** [cmTC_cbb82/fast] Error 2

File /home/benjamin/catkin_ws/build/summit_xl_sim_bringup/CMakeFiles/CMakeTmp/CheckSymbolExists.c:
/* */
#include <pthread.h>

int main(int argc, char** argv)
{
  (void)argv;
#ifndef pthread_create
  return ((int*)(&pthread_create))[argc];
#else
  (void)argc;
  return 0;
#endif
}

Determining if the function pthread_create exists in the pthreads failed with the following output:
Change Dir: /home/benjamin/catkin_ws/build/summit_xl_sim_bringup/CMakeFiles/CMakeTmp

Run Build Command:"/usr/bin/make" "cmTC_5ec00/fast"
/usr/bin/make -f CMakeFiles/cmTC_5ec00.dir/build.make CMakeFiles/cmTC_5ec00.dir/build
make[1]: Entering directory '/home/benjamin/catkin_ws/build/summit_xl_sim_bringup/CMakeFiles/CMakeTmp'
Building C object CMakeFiles/cmTC_5ec00.dir/CheckFunctionExists.c.o
/usr/bin/cc   -DCHECK_FUNCTION_EXISTS=pthread_create   -o CMakeFiles/cmTC_5ec00.dir/CheckFunctionExists.c.o   -c /usr/share/cmake-3.10/Modules/CheckFunctionExists.c
Linking C executable cmTC_5ec00
/usr/bin/cmake -E cmake_link_script CMakeFiles/cmTC_5ec00.dir/link.txt --verbose=1
/usr/bin/cc  -DCHECK_FUNCTION_EXISTS=pthread_create    -rdynamic CMakeFiles/cmTC_5ec00.dir/CheckFunctionExists.c.o  -o cmTC_5ec00 -lpthreads 
/usr/bin/ld: cannot find -lpthreads
collect2: error: ld returned 1 exit status
CMakeFiles/cmTC_5ec00.dir/build.make:97: recipe for target 'cmTC_5ec00' failed
make[1]: *** [cmTC_5ec00] Error 1
make[1]: Leaving directory '/home/benjamin/catkin_ws/build/summit_xl_sim_bringup/CMakeFiles/CMakeTmp'
Makefile:126: recipe for target 'cmTC_5ec00/fast' failed
make: *** [cmTC_5ec00/fast] Error 2


