Determining if the pthread_create exist failed with the following output:
Change Dir: /home/benjamin/catkin_ws/build/husky_description/CMakeFiles/CMakeTmp

Run Build Command:"/usr/bin/make" "cmTC_bc97d/fast"
/usr/bin/make -f CMakeFiles/cmTC_bc97d.dir/build.make CMakeFiles/cmTC_bc97d.dir/build
make[1]: Entering directory '/home/benjamin/catkin_ws/build/husky_description/CMakeFiles/CMakeTmp'
Building C object CMakeFiles/cmTC_bc97d.dir/CheckSymbolExists.c.o
/usr/bin/cc    -o CMakeFiles/cmTC_bc97d.dir/CheckSymbolExists.c.o   -c /home/benjamin/catkin_ws/build/husky_description/CMakeFiles/CMakeTmp/CheckSymbolExists.c
Linking C executable cmTC_bc97d
/usr/bin/cmake -E cmake_link_script CMakeFiles/cmTC_bc97d.dir/link.txt --verbose=1
/usr/bin/cc      -rdynamic CMakeFiles/cmTC_bc97d.dir/CheckSymbolExists.c.o  -o cmTC_bc97d 
CMakeFiles/cmTC_bc97d.dir/CheckSymbolExists.c.o: In function `main':
CheckSymbolExists.c:(.text+0x1b): undefined reference to `pthread_create'
collect2: error: ld returned 1 exit status
CMakeFiles/cmTC_bc97d.dir/build.make:97: recipe for target 'cmTC_bc97d' failed
make[1]: *** [cmTC_bc97d] Error 1
make[1]: Leaving directory '/home/benjamin/catkin_ws/build/husky_description/CMakeFiles/CMakeTmp'
Makefile:126: recipe for target 'cmTC_bc97d/fast' failed
make: *** [cmTC_bc97d/fast] Error 2

File /home/benjamin/catkin_ws/build/husky_description/CMakeFiles/CMakeTmp/CheckSymbolExists.c:
/* */
#include <pthread.h>

int main(int argc, char** argv)
{
  (void)argv;
#ifndef pthread_create
  return ((int*)(&pthread_create))[argc];
#else
  (void)argc;
  return 0;
#endif
}

Determining if the function pthread_create exists in the pthreads failed with the following output:
Change Dir: /home/benjamin/catkin_ws/build/husky_description/CMakeFiles/CMakeTmp

Run Build Command:"/usr/bin/make" "cmTC_c92a2/fast"
/usr/bin/make -f CMakeFiles/cmTC_c92a2.dir/build.make CMakeFiles/cmTC_c92a2.dir/build
make[1]: Entering directory '/home/benjamin/catkin_ws/build/husky_description/CMakeFiles/CMakeTmp'
Building C object CMakeFiles/cmTC_c92a2.dir/CheckFunctionExists.c.o
/usr/bin/cc   -DCHECK_FUNCTION_EXISTS=pthread_create   -o CMakeFiles/cmTC_c92a2.dir/CheckFunctionExists.c.o   -c /usr/share/cmake-3.10/Modules/CheckFunctionExists.c
Linking C executable cmTC_c92a2
/usr/bin/cmake -E cmake_link_script CMakeFiles/cmTC_c92a2.dir/link.txt --verbose=1
/usr/bin/cc  -DCHECK_FUNCTION_EXISTS=pthread_create    -rdynamic CMakeFiles/cmTC_c92a2.dir/CheckFunctionExists.c.o  -o cmTC_c92a2 -lpthreads 
/usr/bin/ld: cannot find -lpthreads
collect2: error: ld returned 1 exit status
CMakeFiles/cmTC_c92a2.dir/build.make:97: recipe for target 'cmTC_c92a2' failed
make[1]: *** [cmTC_c92a2] Error 1
make[1]: Leaving directory '/home/benjamin/catkin_ws/build/husky_description/CMakeFiles/CMakeTmp'
Makefile:126: recipe for target 'cmTC_c92a2/fast' failed
make: *** [cmTC_c92a2/fast] Error 2


