Determining if the pthread_create exist failed with the following output:
Change Dir: /home/benjamin/catkin_ws/build/interbotix_xsarm_moveit/CMakeFiles/CMakeTmp

Run Build Command:"/usr/bin/make" "cmTC_f8fba/fast"
/usr/bin/make -f CMakeFiles/cmTC_f8fba.dir/build.make CMakeFiles/cmTC_f8fba.dir/build
make[1]: Entering directory '/home/benjamin/catkin_ws/build/interbotix_xsarm_moveit/CMakeFiles/CMakeTmp'
Building C object CMakeFiles/cmTC_f8fba.dir/CheckSymbolExists.c.o
/usr/bin/cc    -o CMakeFiles/cmTC_f8fba.dir/CheckSymbolExists.c.o   -c /home/benjamin/catkin_ws/build/interbotix_xsarm_moveit/CMakeFiles/CMakeTmp/CheckSymbolExists.c
Linking C executable cmTC_f8fba
/usr/bin/cmake -E cmake_link_script CMakeFiles/cmTC_f8fba.dir/link.txt --verbose=1
/usr/bin/cc      -rdynamic CMakeFiles/cmTC_f8fba.dir/CheckSymbolExists.c.o  -o cmTC_f8fba 
CMakeFiles/cmTC_f8fba.dir/CheckSymbolExists.c.o: In function `main':
CheckSymbolExists.c:(.text+0x1b): undefined reference to `pthread_create'
collect2: error: ld returned 1 exit status
CMakeFiles/cmTC_f8fba.dir/build.make:97: recipe for target 'cmTC_f8fba' failed
make[1]: *** [cmTC_f8fba] Error 1
make[1]: Leaving directory '/home/benjamin/catkin_ws/build/interbotix_xsarm_moveit/CMakeFiles/CMakeTmp'
Makefile:126: recipe for target 'cmTC_f8fba/fast' failed
make: *** [cmTC_f8fba/fast] Error 2

File /home/benjamin/catkin_ws/build/interbotix_xsarm_moveit/CMakeFiles/CMakeTmp/CheckSymbolExists.c:
/* */
#include <pthread.h>

int main(int argc, char** argv)
{
  (void)argv;
#ifndef pthread_create
  return ((int*)(&pthread_create))[argc];
#else
  (void)argc;
  return 0;
#endif
}

Determining if the function pthread_create exists in the pthreads failed with the following output:
Change Dir: /home/benjamin/catkin_ws/build/interbotix_xsarm_moveit/CMakeFiles/CMakeTmp

Run Build Command:"/usr/bin/make" "cmTC_d4532/fast"
/usr/bin/make -f CMakeFiles/cmTC_d4532.dir/build.make CMakeFiles/cmTC_d4532.dir/build
make[1]: Entering directory '/home/benjamin/catkin_ws/build/interbotix_xsarm_moveit/CMakeFiles/CMakeTmp'
Building C object CMakeFiles/cmTC_d4532.dir/CheckFunctionExists.c.o
/usr/bin/cc   -DCHECK_FUNCTION_EXISTS=pthread_create   -o CMakeFiles/cmTC_d4532.dir/CheckFunctionExists.c.o   -c /usr/share/cmake-3.10/Modules/CheckFunctionExists.c
Linking C executable cmTC_d4532
/usr/bin/cmake -E cmake_link_script CMakeFiles/cmTC_d4532.dir/link.txt --verbose=1
/usr/bin/cc  -DCHECK_FUNCTION_EXISTS=pthread_create    -rdynamic CMakeFiles/cmTC_d4532.dir/CheckFunctionExists.c.o  -o cmTC_d4532 -lpthreads 
/usr/bin/ld: cannot find -lpthreads
collect2: error: ld returned 1 exit status
CMakeFiles/cmTC_d4532.dir/build.make:97: recipe for target 'cmTC_d4532' failed
make[1]: *** [cmTC_d4532] Error 1
make[1]: Leaving directory '/home/benjamin/catkin_ws/build/interbotix_xsarm_moveit/CMakeFiles/CMakeTmp'
Makefile:126: recipe for target 'cmTC_d4532/fast' failed
make: *** [cmTC_d4532/fast] Error 2


